This is pdfTeX, Version 3.141592653-2.6-1.40.29 (MiKTeX 26.5) (preloaded format=latex 2026.6.3)  3 JUN 2026 15:34
entering extended mode
 restricted \write18 enabled.
 %&-line parsing enabled.
**\makeatletter\def\HCode{\futurelet\HCode\HChar}\def\HChar{\ifx\HCode\def\HCod
e##1{\Link##1}\expandafter\HCode\else\expandafter\Link\fi}\def\Link#1.a.b.c.{\l
et\HCode\documentstyle\def\documentstyle{\let\documentstyle\HCode\expandafter\d
ef\csname tex4ht\endcsname{#1,html}\def\HCode####1{\documentstyle[tex4ht,}\@ifn
extchar[{\HCode}{\documentstyle[tex4ht]}}\RequirePackage[#1,html]{tex4ht}\Requi
rePackage{tex4ebook}\Configure{ext}{xhtml}}\makeatother\HCode xhtml,,charset=ut
f-8,charset=utf-8,epub3,html5,uni-html4.a.b.c.\input \detokenize{main.tex} > nu
l 2>&1
(C:\Users\Joejazo\AppData\Local\Programs\MiKTeX\tex/generic/tex4ht\tex4ht.sty
version 2023-10-04-13:17
Package: tex4ht 
--------------------------------------
--- Note --- for _ at preamble, use the command line option `early_'
--------------------------------------
--------------------------------------
--- Note --- for ^ at preamble, use the command line option `early^'
--------------------------------------
\tmp:toks=\toks17
)
(C:\Users\Joejazo\AppData\Local\Programs\MiKTeX\tex/generic/tex4ht\usepackage.4
ht
version 2023-07-25-12:42
)
(C:\Users\Joejazo\AppData\Local\Programs\MiKTeX\tex/latex/tex4ebook\tex4ebook.s
ty
Package: tex4ebook 2026-02-24 version v0.4d

(C:\Users\Joejazo\AppData\Local\Programs\MiKTeX\tex/latex/etoolbox\etoolbox.sty
Package: etoolbox 2025/10/02 v2.5m e-TeX tools for LaTeX (JAW)
\etb@tempcnta=\count276
)
(C:\Users\Joejazo\AppData\Local\Programs\MiKTeX\tex/latex/kvoptions\kvoptions.s
ty
Package: kvoptions 2022-06-15 v3.15 Key value format for package options (HO)
(C:\Users\Joejazo\AppData\Local\Programs\MiKTeX\tex/latex/graphics\keyval.sty
Package: keyval 2022/05/29 v1.15 key=value parser (DPC)
\KV@toks@=\toks18
)
(C:\Users\Joejazo\AppData\Local\Programs\MiKTeX\tex/generic/ltxcmds\ltxcmds.sty
Package: ltxcmds 2023-12-04 v1.26 LaTeX kernel commands for general use (HO)
)
(C:\Users\Joejazo\AppData\Local\Programs\MiKTeX\tex/latex/kvsetkeys\kvsetkeys.s
ty
Package: kvsetkeys 2022-10-05 v1.19 Key value parser (HO)
))
(C:\Users\Joejazo\AppData\Local\Programs\MiKTeX\tex/latex/graphics\graphicx.sty
Package: graphicx 2024/12/31 v1.2e Enhanced LaTeX Graphics (DPC,SPQR)

(C:\Users\Joejazo\AppData\Local\Programs\MiKTeX\tex/generic/tex4ht\graphics-hoo
ks.4ht
version 2022-08-17-14:25
)
(C:\Users\Joejazo\AppData\Local\Programs\MiKTeX\tex/latex/graphics\graphics.sty
Package: graphics 2024/08/06 v1.4g Standard LaTeX Graphics (DPC,SPQR)
(C:\Users\Joejazo\AppData\Local\Programs\MiKTeX\tex/latex/graphics\trig.sty
Package: trig 2023/12/02 v1.11 sin cos tan (DPC)
)
(C:\Users\Joejazo\AppData\Local\Programs\MiKTeX\tex/latex/graphics-cfg\graphics
.cfg
File: graphics.cfg 2016/06/04 v1.11 sample graphics configuration
)
Package graphics Info: Driver file: dvips.def on input line 106.

(C:\Users\Joejazo\AppData\Local\Programs\MiKTeX\tex/latex/graphics-def\dvips.de
f
File: dvips.def 2025/01/21 v3.2a Graphics/color driver for dvips
))
\Gin@req@height=\dimen150
\Gin@req@width=\dimen151
)) (main.tex (C:\Users\Joejazo\AppData\Local\Programs\MiKTeX\tex/latex/base\boo
k.cls
Document Class: book 2025/01/22 v1.4n Standard LaTeX document class
(C:\Users\Joejazo\AppData\Local\Programs\MiKTeX\tex/latex/base\bk11.clo
File: bk11.clo 2025/01/22 v1.4n Standard LaTeX file (size option)
)
\c@part=\count277
\c@chapter=\count278
\c@section=\count279
\c@subsection=\count280
\c@subsubsection=\count281
\c@paragraph=\count282
\c@subparagraph=\count283
\c@figure=\count284
\c@table=\count285
\abovecaptionskip=\skip49
\belowcaptionskip=\skip50
\bibindent=\dimen152
) (preamble.tex (C:\Users\Joejazo\AppData\Local\Programs\MiKTeX\tex/latex/base\
fontenc.sty
Package: fontenc 2025/07/18 v2.1d Standard LaTeX package
) (C:\Users\Joejazo\AppData\Local\Programs\MiKTeX\tex/latex/base\inputenc.sty
Package: inputenc 2024/02/08 v1.3d Input encoding file
\inpenc@prehook=\toks19
\inpenc@posthook=\toks20
)
(C:\Users\Joejazo\AppData\Local\Programs\MiKTeX\tex/latex/sourcesans\sourcesans
pro.sty
Package: sourcesanspro 2026/05/03 v3.1 Compatibility package for sourcesans
(C:\Users\Joejazo\AppData\Local\Programs\MiKTeX\tex/generic/iftex\ifxetex.sty
Package: ifxetex 2019/10/25 v0.7 ifxetex legacy package. Use iftex instead.
(C:\Users\Joejazo\AppData\Local\Programs\MiKTeX\tex/generic/iftex\iftex.sty
Package: iftex 2024/12/12 v1.0g TeX engine tests
)) (C:\Users\Joejazo\AppData\Local\Programs\MiKTeX\tex/generic/iftex\ifluatex.s
ty
Package: ifluatex 2019/10/25 v1.5 ifluatex legacy package. Use iftex instead.
) (C:\Users\Joejazo\AppData\Local\Programs\MiKTeX\tex/latex/xkeyval\xkeyval.sty
Package: xkeyval 2022/06/16 v2.9 package option processing (HA)

(C:\Users\Joejazo\AppData\Local\Programs\MiKTeX\tex/generic/xkeyval\xkeyval.tex

(C:\Users\Joejazo\AppData\Local\Programs\MiKTeX\tex/generic/xkeyval\xkvutils.te
x
\XKV@toks=\toks21
\XKV@tempa@toks=\toks22
)
\XKV@depth=\count286
File: xkeyval.tex 2014/12/03 v2.7a key=value parser (HA)
))

Package sourcesanspro Warning: This package has been replaced by `sourcesans'.

)
(C:\Users\Joejazo\AppData\Local\Programs\MiKTeX\tex/latex/sourcesans\sourcesans
.sty
Package: sourcesans 2026/05/03 v3.1 Adobe's Source Sans typeface
(C:\Users\Joejazo\AppData\Local\Programs\MiKTeX\tex/latex/base\fontenc.sty
Package: fontenc 2025/07/18 v2.1d Standard LaTeX package
(C:\Users\Joejazo\AppData\Local\Programs\MiKTeX\tex/latex/ly1\ly1enc.def
File: ly1enc.def 2022/06/11 v0.8 TeX 'n ANSI encoding (DPC/KB)
Now handling font encoding LY1 ...
... processing UTF-8 mapping file for font encoding LY1
(C:\Users\Joejazo\AppData\Local\Programs\MiKTeX\tex/latex/base\ly1enc.dfu
File: ly1enc.dfu 2022/06/07 v1.3c UTF-8 support
   defining Unicode char U+00A0 (decimal 160)
   defining Unicode char U+00A1 (decimal 161)
   defining Unicode char U+00A2 (decimal 162)
   defining Unicode char U+00A3 (decimal 163)
   defining Unicode char U+00A4 (decimal 164)
   defining Unicode char U+00A5 (decimal 165)
   defining Unicode char U+00A6 (decimal 166)
   defining Unicode char U+00A7 (decimal 167)
   defining Unicode char U+00AA (decimal 170)
   defining Unicode char U+00AB (decimal 171)
   defining Unicode char U+00AD (decimal 173)
   defining Unicode char U+00AE (decimal 174)
   defining Unicode char U+00B0 (decimal 176)
   defining Unicode char U+00B5 (decimal 181)
   defining Unicode char U+00B6 (decimal 182)
   defining Unicode char U+00B7 (decimal 183)
   defining Unicode char U+00BA (decimal 186)
   defining Unicode char U+00BB (decimal 187)
   defining Unicode char U+00BC (decimal 188)
   defining Unicode char U+00BD (decimal 189)
   defining Unicode char U+00BE (decimal 190)
   defining Unicode char U+00BF (decimal 191)
   defining Unicode char U+00C0 (decimal 192)
   defining Unicode char U+00C1 (decimal 193)
   defining Unicode char U+00C2 (decimal 194)
   defining Unicode char U+00C3 (decimal 195)
   defining Unicode char U+00C4 (decimal 196)
   defining Unicode char U+00C5 (decimal 197)
   defining Unicode char U+00C6 (decimal 198)
   defining Unicode char U+00C7 (decimal 199)
   defining Unicode char U+00C8 (decimal 200)
   defining Unicode char U+00C9 (decimal 201)
   defining Unicode char U+00CA (decimal 202)
   defining Unicode char U+00CB (decimal 203)
   defining Unicode char U+00CC (decimal 204)
   defining Unicode char U+00CD (decimal 205)
   defining Unicode char U+00CE (decimal 206)
   defining Unicode char U+00CF (decimal 207)
   defining Unicode char U+00D0 (decimal 208)
   defining Unicode char U+00D1 (decimal 209)
   defining Unicode char U+00D2 (decimal 210)
   defining Unicode char U+00D3 (decimal 211)
   defining Unicode char U+00D4 (decimal 212)
   defining Unicode char U+00D5 (decimal 213)
   defining Unicode char U+00D6 (decimal 214)
   defining Unicode char U+00D8 (decimal 216)
   defining Unicode char U+00D9 (decimal 217)
   defining Unicode char U+00DA (decimal 218)
   defining Unicode char U+00DB (decimal 219)
   defining Unicode char U+00DC (decimal 220)
   defining Unicode char U+00DD (decimal 221)
   defining Unicode char U+00DE (decimal 222)
   defining Unicode char U+00DF (decimal 223)
   defining Unicode char U+00E0 (decimal 224)
   defining Unicode char U+00E1 (decimal 225)
   defining Unicode char U+00E2 (decimal 226)
   defining Unicode char U+00E3 (decimal 227)
   defining Unicode char U+00E4 (decimal 228)
   defining Unicode char U+00E5 (decimal 229)
   defining Unicode char U+00E6 (decimal 230)
   defining Unicode char U+00E7 (decimal 231)
   defining Unicode char U+00E8 (decimal 232)
   defining Unicode char U+00E9 (decimal 233)
   defining Unicode char U+00EA (decimal 234)
   defining Unicode char U+00EB (decimal 235)
   defining Unicode char U+00EC (decimal 236)
   defining Unicode char U+00ED (decimal 237)
   defining Unicode char U+00EE (decimal 238)
   defining Unicode char U+00EF (decimal 239)
   defining Unicode char U+00F0 (decimal 240)
   defining Unicode char U+00F1 (decimal 241)
   defining Unicode char U+00F2 (decimal 242)
   defining Unicode char U+00F3 (decimal 243)
   defining Unicode char U+00F4 (decimal 244)
   defining Unicode char U+00F5 (decimal 245)
   defining Unicode char U+00F6 (decimal 246)
   defining Unicode char U+00F8 (decimal 248)
   defining Unicode char U+00F9 (decimal 249)
   defining Unicode char U+00FA (decimal 250)
   defining Unicode char U+00FB (decimal 251)
   defining Unicode char U+00FC (decimal 252)
   defining Unicode char U+00FD (decimal 253)
   defining Unicode char U+00FE (decimal 254)
   defining Unicode char U+00FF (decimal 255)
   defining Unicode char U+0131 (decimal 305)
   defining Unicode char U+0141 (decimal 321)
   defining Unicode char U+0142 (decimal 322)
   defining Unicode char U+0152 (decimal 338)
   defining Unicode char U+0153 (decimal 339)
   defining Unicode char U+0160 (decimal 352)
   defining Unicode char U+0161 (decimal 353)
   defining Unicode char U+0174 (decimal 372)
   defining Unicode char U+0175 (decimal 373)
   defining Unicode char U+0176 (decimal 374)
   defining Unicode char U+0177 (decimal 375)
   defining Unicode char U+0178 (decimal 376)
   defining Unicode char U+017D (decimal 381)
   defining Unicode char U+017E (decimal 382)
   defining Unicode char U+0192 (decimal 402)
   defining Unicode char U+0218 (decimal 536)
   defining Unicode char U+0219 (decimal 537)
   defining Unicode char U+021A (decimal 538)
   defining Unicode char U+021B (decimal 539)
   defining Unicode char U+0237 (decimal 567)
   defining Unicode char U+02C6 (decimal 710)
   defining Unicode char U+02DC (decimal 732)
   defining Unicode char U+2013 (decimal 8211)
   defining Unicode char U+2014 (decimal 8212)
   defining Unicode char U+201C (decimal 8220)
   defining Unicode char U+201D (decimal 8221)
   defining Unicode char U+2020 (decimal 8224)
   defining Unicode char U+2021 (decimal 8225)
   defining Unicode char U+2022 (decimal 8226)
   defining Unicode char U+2026 (decimal 8230)
   defining Unicode char U+2030 (decimal 8240)
   defining Unicode char U+2039 (decimal 8249)
   defining Unicode char U+203A (decimal 8250)
   defining Unicode char U+2122 (decimal 8482)
   defining Unicode char U+FB00 (decimal 64256)
   defining Unicode char U+FB01 (decimal 64257)
   defining Unicode char U+FB02 (decimal 64258)
   defining Unicode char U+FB03 (decimal 64259)
   defining Unicode char U+FB04 (decimal 64260)
   defining Unicode char U+FB05 (decimal 64261)
   defining Unicode char U+FB06 (decimal 64262)
))))
(C:\Users\Joejazo\AppData\Local\Programs\MiKTeX\tex/latex/geometry\geometry.sty
Package: geometry 2026/03/07 v6.0 Page Geometry
(C:\Users\Joejazo\AppData\Local\Programs\MiKTeX\tex/generic/iftex\ifvtex.sty
Package: ifvtex 2019/10/25 v1.7 ifvtex legacy package. Use iftex instead.
)
\Gm@cnth=\count287
\Gm@cntv=\count288
\c@Gm@tempcnt=\count289
\Gm@bindingoffset=\dimen153
\Gm@wd@mp=\dimen154
\Gm@odd@mp=\dimen155
\Gm@even@mp=\dimen156
\Gm@layoutwidth=\dimen157
\Gm@layoutheight=\dimen158
\Gm@layouthoffset=\dimen159
\Gm@layoutvoffset=\dimen160
\Gm@dimlist=\toks23

(C:\Users\Joejazo\AppData\Local\Programs\MiKTeX\tex/latex/geometry\geometry.cfg
))
(C:\Users\Joejazo\AppData\Local\Programs\MiKTeX\tex/generic/tex4ht\xcolor-hooks
.4ht
version 2020-10-17-13:53
) (C:\Users\Joejazo\AppData\Local\Programs\MiKTeX\tex/latex/xcolor\xcolor.sty
Package: xcolor 2024/09/29 v3.02 LaTeX color extensions (UK)

(C:\Users\Joejazo\AppData\Local\Programs\MiKTeX\tex/latex/graphics-cfg\color.cf
g
File: color.cfg 2016/01/02 v1.6 sample color configuration
)
Package xcolor Info: Driver file: dvips.def on input line 274.

(C:\Users\Joejazo\AppData\Local\Programs\MiKTeX\tex/latex/graphics\mathcolor.lt
x)
Package xcolor Info: Model `cmy' substituted by `cmy0' on input line 1349.
Package xcolor Info: Model `RGB' extended on input line 1365.
Package xcolor Info: Model `HTML' substituted by `rgb' on input line 1367.
Package xcolor Info: Model `Hsb' substituted by `hsb' on input line 1368.
Package xcolor Info: Model `tHsb' substituted by `hsb' on input line 1369.
Package xcolor Info: Model `HSB' substituted by `hsb' on input line 1370.
Package xcolor Info: Model `Gray' substituted by `gray' on input line 1371.
Package xcolor Info: Model `wave' substituted by `hsb' on input line 1372.
)
(C:\Users\Joejazo\AppData\Local\Programs\MiKTeX\tex/latex/tcolorbox\tcolorbox.s
ty
Package: tcolorbox 2025/11/28 version 6.9.0 text color boxes

(C:\Users\Joejazo\AppData\Local\Programs\MiKTeX\tex/generic/tex4ht\tikz-hooks.4
ht
version 2023-08-27-08:01
*****************************
TeX4ht info: Using dvisvgm4ht TikZ driver. Put \def \pgfsysdriver {driver-name}
 to your document before use of TikZ if you want to another driver. Use tikz+ o
ption if your TikZ pictures use patterns.
)
(C:\Users\Joejazo\AppData\Local\Programs\MiKTeX\tex/latex/pgf/frontendlayer\tik
z.sty
(C:\Users\Joejazo\AppData\Local\Programs\MiKTeX\tex/latex/pgf/basiclayer\pgf.st
y
(C:\Users\Joejazo\AppData\Local\Programs\MiKTeX\tex/latex/pgf/utilities\pgfrcs.
sty
(C:\Users\Joejazo\AppData\Local\Programs\MiKTeX\tex/generic/pgf/utilities\pgfut
il-common.tex
\pgfutil@everybye=\toks24
\pgfutil@tempdima=\dimen161
\pgfutil@tempdimb=\dimen162
)
(C:\Users\Joejazo\AppData\Local\Programs\MiKTeX\tex/generic/pgf/utilities\pgfut
il-latex.def
\pgfutil@abb=\box53
)
(C:\Users\Joejazo\AppData\Local\Programs\MiKTeX\tex/generic/pgf/utilities\pgfrc
s.code.tex
(C:\Users\Joejazo\AppData\Local\Programs\MiKTeX\tex/generic/pgf\pgf.revision.te
x)
Package: pgfrcs 2025-08-29 v3.1.11a (3.1.11a)
))
Package: pgf 2025-08-29 v3.1.11a (3.1.11a)

(C:\Users\Joejazo\AppData\Local\Programs\MiKTeX\tex/latex/pgf/basiclayer\pgfcor
e.sty
(C:\Users\Joejazo\AppData\Local\Programs\MiKTeX\tex/latex/pgf/systemlayer\pgfsy
s.sty
(C:\Users\Joejazo\AppData\Local\Programs\MiKTeX\tex/generic/pgf/systemlayer\pgf
sys.code.tex
Package: pgfsys 2025-08-29 v3.1.11a (3.1.11a)

(C:\Users\Joejazo\AppData\Local\Programs\MiKTeX\tex/generic/pgf/utilities\pgfke
ys.code.tex
\pgfkeys@pathtoks=\toks25
\pgfkeys@temptoks=\toks26

(C:\Users\Joejazo\AppData\Local\Programs\MiKTeX\tex/generic/pgf/utilities\pgfke
yslibraryfiltered.code.tex
\pgfkeys@tmptoks=\toks27
))
\pgf@x=\dimen163
\pgf@y=\dimen164
\pgf@xa=\dimen165
\pgf@ya=\dimen166
\pgf@xb=\dimen167
\pgf@yb=\dimen168
\pgf@xc=\dimen169
\pgf@yc=\dimen170
\pgf@xd=\dimen171
\pgf@yd=\dimen172
\w@pgf@writea=\write3
\r@pgf@reada=\read2
\c@pgf@counta=\count290
\c@pgf@countb=\count291
\c@pgf@countc=\count292
\c@pgf@countd=\count293
\t@pgf@toka=\toks28
\t@pgf@tokb=\toks29
\t@pgf@tokc=\toks30
\pgf@sys@id@count=\count294

(C:\Users\Joejazo\AppData\Local\Programs\MiKTeX\tex/generic/pgf/systemlayer\pgf
.cfg
File: pgf.cfg 2025-08-29 v3.1.11a (3.1.11a)
)
Driver file for pgf: pgfsys-dvisvgm4ht.def

(C:\Users\Joejazo\AppData\Local\Programs\MiKTeX\tex/latex/webquiz\pgfsys-dvisvg
m4ht.def
(C:\Users\Joejazo\AppData\Local\Programs\MiKTeX\tex/generic/pgf/systemlayer\pgf
sys-dvips.def
File: pgfsys-dvips.def 2025-08-29 v3.1.11a (3.1.11a)

(C:\Users\Joejazo\AppData\Local\Programs\MiKTeX\tex/generic/pgf/systemlayer\pgf
sys-common-postscript.def
File: pgfsys-common-postscript.def 2025-08-29 v3.1.11a (3.1.11a)
\pgf@objectcount=\count295
))
\pgf@sys@svg@picnum=\count296
))
(C:\Users\Joejazo\AppData\Local\Programs\MiKTeX\tex/generic/pgf/systemlayer\pgf
syssoftpath.code.tex
File: pgfsyssoftpath.code.tex 2025-08-29 v3.1.11a (3.1.11a)
\pgfsyssoftpath@smallbuffer@items=\count297
\pgfsyssoftpath@bigbuffer@items=\count298
)
(C:\Users\Joejazo\AppData\Local\Programs\MiKTeX\tex/generic/pgf/systemlayer\pgf
sysprotocol.code.tex
File: pgfsysprotocol.code.tex 2025-08-29 v3.1.11a (3.1.11a)
))
(C:\Users\Joejazo\AppData\Local\Programs\MiKTeX\tex/generic/tex4ht\xcolor-hooks
.4ht
version 2020-10-17-13:53
)
(C:\Users\Joejazo\AppData\Local\Programs\MiKTeX\tex/generic/pgf/basiclayer\pgfc
ore.code.tex
Package: pgfcore 2025-08-29 v3.1.11a (3.1.11a)

(C:\Users\Joejazo\AppData\Local\Programs\MiKTeX\tex/generic/pgf/math\pgfmath.co
de.tex
(C:\Users\Joejazo\AppData\Local\Programs\MiKTeX\tex/generic/pgf/math\pgfmathuti
l.code.tex)
(C:\Users\Joejazo\AppData\Local\Programs\MiKTeX\tex/generic/pgf/math\pgfmathpar
ser.code.tex
\pgfmath@dimen=\dimen173
\pgfmath@count=\count299
\pgfmath@box=\box54
\pgfmath@toks=\toks31
\pgfmath@stack@operand=\toks32
\pgfmath@stack@operation=\toks33
)
(C:\Users\Joejazo\AppData\Local\Programs\MiKTeX\tex/generic/pgf/math\pgfmathfun
ctions.code.tex)
(C:\Users\Joejazo\AppData\Local\Programs\MiKTeX\tex/generic/pgf/math\pgfmathfun
ctions.basic.code.tex)
(C:\Users\Joejazo\AppData\Local\Programs\MiKTeX\tex/generic/pgf/math\pgfmathfun
ctions.trigonometric.code.tex)
(C:\Users\Joejazo\AppData\Local\Programs\MiKTeX\tex/generic/pgf/math\pgfmathfun
ctions.random.code.tex)
(C:\Users\Joejazo\AppData\Local\Programs\MiKTeX\tex/generic/pgf/math\pgfmathfun
ctions.comparison.code.tex)
(C:\Users\Joejazo\AppData\Local\Programs\MiKTeX\tex/generic/pgf/math\pgfmathfun
ctions.base.code.tex)
(C:\Users\Joejazo\AppData\Local\Programs\MiKTeX\tex/generic/pgf/math\pgfmathfun
ctions.round.code.tex)
(C:\Users\Joejazo\AppData\Local\Programs\MiKTeX\tex/generic/pgf/math\pgfmathfun
ctions.misc.code.tex)
(C:\Users\Joejazo\AppData\Local\Programs\MiKTeX\tex/generic/pgf/math\pgfmathfun
ctions.integerarithmetics.code.tex)
(C:\Users\Joejazo\AppData\Local\Programs\MiKTeX\tex/generic/pgf/math\pgfmathcal
c.code.tex)
(C:\Users\Joejazo\AppData\Local\Programs\MiKTeX\tex/generic/pgf/math\pgfmathflo
at.code.tex
\c@pgfmathroundto@lastzeros=\count300
))
(C:\Users\Joejazo\AppData\Local\Programs\MiKTeX\tex/generic/pgf/math\pgfint.cod
e.tex)
(C:\Users\Joejazo\AppData\Local\Programs\MiKTeX\tex/generic/pgf/basiclayer\pgfc
orepoints.code.tex
File: pgfcorepoints.code.tex 2025-08-29 v3.1.11a (3.1.11a)
\pgf@picminx=\dimen174
\pgf@picmaxx=\dimen175
\pgf@picminy=\dimen176
\pgf@picmaxy=\dimen177
\pgf@pathminx=\dimen178
\pgf@pathmaxx=\dimen179
\pgf@pathminy=\dimen180
\pgf@pathmaxy=\dimen181
\pgf@xx=\dimen182
\pgf@xy=\dimen183
\pgf@yx=\dimen184
\pgf@yy=\dimen185
\pgf@zx=\dimen186
\pgf@zy=\dimen187
)
(C:\Users\Joejazo\AppData\Local\Programs\MiKTeX\tex/generic/pgf/basiclayer\pgfc
orepathconstruct.code.tex
File: pgfcorepathconstruct.code.tex 2025-08-29 v3.1.11a (3.1.11a)
\pgf@path@lastx=\dimen188
\pgf@path@lasty=\dimen189
)
(C:\Users\Joejazo\AppData\Local\Programs\MiKTeX\tex/generic/pgf/basiclayer\pgfc
orepathusage.code.tex
File: pgfcorepathusage.code.tex 2025-08-29 v3.1.11a (3.1.11a)
\pgf@shorten@end@additional=\dimen190
\pgf@shorten@start@additional=\dimen191
)
(C:\Users\Joejazo\AppData\Local\Programs\MiKTeX\tex/generic/pgf/basiclayer\pgfc
orescopes.code.tex
File: pgfcorescopes.code.tex 2025-08-29 v3.1.11a (3.1.11a)
\pgfpic=\box55
\pgf@hbox=\box56
\pgf@layerbox@main=\box57
\pgf@picture@serial@count=\count301
)
(C:\Users\Joejazo\AppData\Local\Programs\MiKTeX\tex/generic/pgf/basiclayer\pgfc
oregraphicstate.code.tex
File: pgfcoregraphicstate.code.tex 2025-08-29 v3.1.11a (3.1.11a)
\pgflinewidth=\dimen192
)
(C:\Users\Joejazo\AppData\Local\Programs\MiKTeX\tex/generic/pgf/basiclayer\pgfc
oretransformations.code.tex
File: pgfcoretransformations.code.tex 2025-08-29 v3.1.11a (3.1.11a)
\pgf@pt@x=\dimen193
\pgf@pt@y=\dimen194
\pgf@pt@temp=\dimen195
)
(C:\Users\Joejazo\AppData\Local\Programs\MiKTeX\tex/generic/pgf/basiclayer\pgfc
orequick.code.tex
File: pgfcorequick.code.tex 2025-08-29 v3.1.11a (3.1.11a)
)
(C:\Users\Joejazo\AppData\Local\Programs\MiKTeX\tex/generic/pgf/basiclayer\pgfc
oreobjects.code.tex
File: pgfcoreobjects.code.tex 2025-08-29 v3.1.11a (3.1.11a)
)
(C:\Users\Joejazo\AppData\Local\Programs\MiKTeX\tex/generic/pgf/basiclayer\pgfc
orepathprocessing.code.tex
File: pgfcorepathprocessing.code.tex 2025-08-29 v3.1.11a (3.1.11a)
)
(C:\Users\Joejazo\AppData\Local\Programs\MiKTeX\tex/generic/pgf/basiclayer\pgfc
orearrows.code.tex
File: pgfcorearrows.code.tex 2025-08-29 v3.1.11a (3.1.11a)
\pgfarrowsep=\dimen196
)
(C:\Users\Joejazo\AppData\Local\Programs\MiKTeX\tex/generic/pgf/basiclayer\pgfc
oreshade.code.tex
File: pgfcoreshade.code.tex 2025-08-29 v3.1.11a (3.1.11a)
\pgf@max=\dimen197
\pgf@sys@shading@range@num=\count302
\pgf@shadingcount=\count303
)
(C:\Users\Joejazo\AppData\Local\Programs\MiKTeX\tex/generic/pgf/basiclayer\pgfc
oreimage.code.tex
File: pgfcoreimage.code.tex 2025-08-29 v3.1.11a (3.1.11a)
)
(C:\Users\Joejazo\AppData\Local\Programs\MiKTeX\tex/generic/pgf/basiclayer\pgfc
oreexternal.code.tex
File: pgfcoreexternal.code.tex 2025-08-29 v3.1.11a (3.1.11a)
\pgfexternal@startupbox=\box58
)
(C:\Users\Joejazo\AppData\Local\Programs\MiKTeX\tex/generic/pgf/basiclayer\pgfc
orelayers.code.tex
File: pgfcorelayers.code.tex 2025-08-29 v3.1.11a (3.1.11a)
)
(C:\Users\Joejazo\AppData\Local\Programs\MiKTeX\tex/generic/pgf/basiclayer\pgfc
oretransparency.code.tex
File: pgfcoretransparency.code.tex 2025-08-29 v3.1.11a (3.1.11a)
)
(C:\Users\Joejazo\AppData\Local\Programs\MiKTeX\tex/generic/pgf/basiclayer\pgfc
orepatterns.code.tex
File: pgfcorepatterns.code.tex 2025-08-29 v3.1.11a (3.1.11a)
)
(C:\Users\Joejazo\AppData\Local\Programs\MiKTeX\tex/generic/pgf/basiclayer\pgfc
orerdf.code.tex
File: pgfcorerdf.code.tex 2025-08-29 v3.1.11a (3.1.11a)
)))
(C:\Users\Joejazo\AppData\Local\Programs\MiKTeX\tex/generic/pgf/modules\pgfmodu
leshapes.code.tex
File: pgfmoduleshapes.code.tex 2025-08-29 v3.1.11a (3.1.11a)
\pgfnodeparttextbox=\box59
)
(C:\Users\Joejazo\AppData\Local\Programs\MiKTeX\tex/generic/pgf/modules\pgfmodu
leplot.code.tex
File: pgfmoduleplot.code.tex 2025-08-29 v3.1.11a (3.1.11a)
)
(C:\Users\Joejazo\AppData\Local\Programs\MiKTeX\tex/latex/pgf/compatibility\pgf
comp-version-0-65.sty
Package: pgfcomp-version-0-65 2025-08-29 v3.1.11a (3.1.11a)
\pgf@nodesepstart=\dimen198
\pgf@nodesepend=\dimen199
)
(C:\Users\Joejazo\AppData\Local\Programs\MiKTeX\tex/latex/pgf/compatibility\pgf
comp-version-1-18.sty
Package: pgfcomp-version-1-18 2025-08-29 v3.1.11a (3.1.11a)
))
(C:\Users\Joejazo\AppData\Local\Programs\MiKTeX\tex/latex/pgf/utilities\pgffor.
sty
(C:\Users\Joejazo\AppData\Local\Programs\MiKTeX\tex/latex/pgf/utilities\pgfkeys
.sty
(C:\Users\Joejazo\AppData\Local\Programs\MiKTeX\tex/generic/pgf/utilities\pgfke
ys.code.tex)) (C:\Users\Joejazo\AppData\Local\Programs\MiKTeX\tex/latex/pgf/mat
h\pgfmath.sty
(C:\Users\Joejazo\AppData\Local\Programs\MiKTeX\tex/generic/pgf/math\pgfmath.co
de.tex))
(C:\Users\Joejazo\AppData\Local\Programs\MiKTeX\tex/generic/pgf/utilities\pgffo
r.code.tex
Package: pgffor 2025-08-29 v3.1.11a (3.1.11a)
\pgffor@iter=\dimen256
\pgffor@skip=\dimen257
\pgffor@stack=\toks34
\pgffor@toks=\toks35
))
(C:\Users\Joejazo\AppData\Local\Programs\MiKTeX\tex/generic/pgf/frontendlayer/t
ikz\tikz.code.tex
Package: tikz 2025-08-29 v3.1.11a (3.1.11a)

(C:\Users\Joejazo\AppData\Local\Programs\MiKTeX\tex/generic/pgf/libraries\pgfli
braryplothandlers.code.tex
File: pgflibraryplothandlers.code.tex 2025-08-29 v3.1.11a (3.1.11a)
\pgf@plot@mark@count=\count304
\pgfplotmarksize=\dimen258
)
\tikz@lastx=\dimen259
\tikz@lasty=\dimen260
\tikz@lastxsaved=\dimen261
\tikz@lastysaved=\dimen262
\tikz@lastmovetox=\dimen263
\tikz@lastmovetoy=\dimen264
\tikzleveldistance=\dimen265
\tikzsiblingdistance=\dimen266
\tikz@figbox=\box60
\tikz@figbox@bg=\box61
\tikz@tempbox=\box62
\tikz@tempbox@bg=\box63
\tikztreelevel=\count305
\tikznumberofchildren=\count306
\tikznumberofcurrentchild=\count307
\tikz@fig@count=\count308

(C:\Users\Joejazo\AppData\Local\Programs\MiKTeX\tex/generic/pgf/modules\pgfmodu
lematrix.code.tex
File: pgfmodulematrix.code.tex 2025-08-29 v3.1.11a (3.1.11a)
\pgfmatrixcurrentrow=\count309
\pgfmatrixcurrentcolumn=\count310
\pgf@matrix@numberofcolumns=\count311
)
\tikz@expandcount=\count312

(C:\Users\Joejazo\AppData\Local\Programs\MiKTeX\tex/generic/pgf/frontendlayer/t
ikz/libraries\tikzlibrarytopaths.code.tex
File: tikzlibrarytopaths.code.tex 2025-08-29 v3.1.11a (3.1.11a)
))) (C:\Users\Joejazo\AppData\Local\Programs\MiKTeX\tex/latex/tools\verbatim.st
y
Package: verbatim 2024-01-22 v1.5x LaTeX2e package for verbatim enhancements
\every@verbatim=\toks36
\verbatim@line=\toks37
\verbatim@in@stream=\read3
) (C:\Users\Joejazo\AppData\Local\Programs\MiKTeX\tex/latex/environ\environ.sty
Package: environ 2014/05/04 v0.3 A new way to define environments

(C:\Users\Joejazo\AppData\Local\Programs\MiKTeX\tex/latex/trimspaces\trimspaces
.sty
Package: trimspaces 2009/09/17 v1.1 Trim spaces around a token list
)
\@envbody=\toks38
)
\tcb@titlebox=\box64
\tcb@upperbox=\box65
\tcb@lowerbox=\box66
\tcb@phantombox=\box67
\c@tcbbreakpart=\count313
\c@tcblayer=\count314
\c@tcolorbox@number=\count315
\l__tcobox_tmpa_box=\box68
\l__tcobox_tmpa_dim=\dimen267
\tcb@temp=\box69
\tcb@temp=\box70
\tcb@temp=\box71
\tcb@temp=\box72
)
(C:\Users\Joejazo\AppData\Local\Programs\MiKTeX\tex/latex/tcolorbox\tcbskins.co
de.tex
Library (tcolorbox): 'tcbskins.code.tex' version '6.9.0'

(C:\Users\Joejazo\AppData\Local\Programs\MiKTeX\tex/latex/tikzfill\tikzfill.ima
ge.sty
Package: tikzfill.image 2026/04/23 v1.2.0 Image filling library for TikZ

(C:\Users\Joejazo\AppData\Local\Programs\MiKTeX\tex/generic/tex4ht\tikz-hooks.4
ht
version 2023-08-27-08:01
)
(C:\Users\Joejazo\AppData\Local\Programs\MiKTeX\tex/latex/tikzfill\tikzlibraryf
ill.image.code.tex
File: tikzlibraryfill.image.code.tex 2026/04/23 v1.2.0 Image filling library
\l__tikzfill_tmpa_dim=\dimen268
\l__tikzfill_tmpb_dim=\dimen269
\l__tikzfill_img_box=\box73
))
(C:\Users\Joejazo\AppData\Local\Programs\MiKTeX\tex/latex/tcolorbox\tcbskinsjig
saw.code.tex
Library (tcolorbox): 'tcbskinsjigsaw.code.tex' version '6.9.0'
))
(C:\Users\Joejazo\AppData\Local\Programs\MiKTeX\tex/latex/tcolorbox\tcbbreakabl
e.code.tex
Library (tcolorbox): 'tcbbreakable.code.tex' version '6.9.0'
(C:\Users\Joejazo\AppData\Local\Programs\MiKTeX\tex/latex/pdfcol\pdfcol.sty
Package: pdfcol 2022-09-21 v1.7 Handle new color stacks for pdfTeX (HO)

(C:\Users\Joejazo\AppData\Local\Programs\MiKTeX\tex/generic/infwarerr\infwarerr
.sty
Package: infwarerr 2019/12/03 v1.5 Providing info/warning/error messages (HO)
)
Package pdfcol Info: Interface disabled because of missing PDF mode of pdfTeX.
)
Package pdfcol Info: pdfTeX's color stacks are not available.
\tcb@testbox=\box74
\tcb@totalupperbox=\box75
\tcb@totallowerbox=\box76
)
(C:\Users\Joejazo\AppData\Local\Programs\MiKTeX\tex/generic/tex4ht\tikz-hooks.4
ht
version 2023-08-27-08:01
)
(C:\Users\Joejazo\AppData\Local\Programs\MiKTeX\tex/generic/pgf/libraries\pgfli
braryarrows.meta.code.tex
File: pgflibraryarrows.meta.code.tex 2025-08-29 v3.1.11a (3.1.11a)
\pgfarrowinset=\dimen270
\pgfarrowlength=\dimen271
\pgfarrowwidth=\dimen272
\pgfarrowlinewidth=\dimen273
)
(C:\Users\Joejazo\AppData\Local\Programs\MiKTeX\tex/generic/pgf/frontendlayer/t
ikz/libraries\tikzlibraryshapes.code.tex
File: tikzlibraryshapes.code.tex 2025-08-29 v3.1.11a (3.1.11a)

(C:\Users\Joejazo\AppData\Local\Programs\MiKTeX\tex/generic/pgf/frontendlayer/t
ikz/libraries\tikzlibraryshapes.geometric.code.tex
File: tikzlibraryshapes.geometric.code.tex 2025-08-29 v3.1.11a (3.1.11a)

(C:\Users\Joejazo\AppData\Local\Programs\MiKTeX\tex/generic/pgf/libraries/shape
s\pgflibraryshapes.geometric.code.tex
File: pgflibraryshapes.geometric.code.tex 2025-08-29 v3.1.11a (3.1.11a)
))
(C:\Users\Joejazo\AppData\Local\Programs\MiKTeX\tex/generic/pgf/frontendlayer/t
ikz/libraries\tikzlibraryshapes.misc.code.tex
File: tikzlibraryshapes.misc.code.tex 2025-08-29 v3.1.11a (3.1.11a)

(C:\Users\Joejazo\AppData\Local\Programs\MiKTeX\tex/generic/pgf/libraries/shape
s\pgflibraryshapes.misc.code.tex
File: pgflibraryshapes.misc.code.tex 2025-08-29 v3.1.11a (3.1.11a)
))
(C:\Users\Joejazo\AppData\Local\Programs\MiKTeX\tex/generic/pgf/frontendlayer/t
ikz/libraries\tikzlibraryshapes.symbols.code.tex
File: tikzlibraryshapes.symbols.code.tex 2025-08-29 v3.1.11a (3.1.11a)

(C:\Users\Joejazo\AppData\Local\Programs\MiKTeX\tex/generic/pgf/libraries/shape
s\pgflibraryshapes.symbols.code.tex
File: pgflibraryshapes.symbols.code.tex 2025-08-29 v3.1.11a (3.1.11a)
))
(C:\Users\Joejazo\AppData\Local\Programs\MiKTeX\tex/generic/pgf/frontendlayer/t
ikz/libraries\tikzlibraryshapes.arrows.code.tex
File: tikzlibraryshapes.arrows.code.tex 2025-08-29 v3.1.11a (3.1.11a)

(C:\Users\Joejazo\AppData\Local\Programs\MiKTeX\tex/generic/pgf/libraries/shape
s\pgflibraryshapes.arrows.code.tex
File: pgflibraryshapes.arrows.code.tex 2025-08-29 v3.1.11a (3.1.11a)
))
(C:\Users\Joejazo\AppData\Local\Programs\MiKTeX\tex/generic/pgf/frontendlayer/t
ikz/libraries\tikzlibraryshapes.callouts.code.tex
(C:\Users\Joejazo\AppData\Local\Programs\MiKTeX\tex/generic/pgf/libraries/shape
s\pgflibraryshapes.callouts.code.tex))
(C:\Users\Joejazo\AppData\Local\Programs\MiKTeX\tex/generic/pgf/frontendlayer/t
ikz/libraries\tikzlibraryshapes.multipart.code.tex
File: tikzlibraryshapes.multipart.code.tex 2025-08-29 v3.1.11a (3.1.11a)

(C:\Users\Joejazo\AppData\Local\Programs\MiKTeX\tex/generic/pgf/libraries/shape
s\pgflibraryshapes.multipart.code.tex
File: pgflibraryshapes.multipart.code.tex 2025-08-29 v3.1.11a (3.1.11a)
\pgfnodepartlowerbox=\box77
\pgfnodeparttwobox=\box78
\pgfnodepartthreebox=\box79
\pgfnodepartfourbox=\box80
\pgfnodeparttwentybox=\box81
\pgfnodepartnineteenbox=\box82
\pgfnodeparteighteenbox=\box83
\pgfnodepartseventeenbox=\box84
\pgfnodepartsixteenbox=\box85
\pgfnodepartfifteenbox=\box86
\pgfnodepartfourteenbox=\box87
\pgfnodepartthirteenbox=\box88
\pgfnodeparttwelvebox=\box89
\pgfnodepartelevenbox=\box90
\pgfnodeparttenbox=\box91
\pgfnodepartninebox=\box92
\pgfnodeparteightbox=\box93
\pgfnodepartsevenbox=\box94
\pgfnodepartsixbox=\box95
\pgfnodepartfivebox=\box96
)))
(C:\Users\Joejazo\AppData\Local\Programs\MiKTeX\tex/generic/pgf/frontendlayer/t
ikz/libraries\tikzlibrarypositioning.code.tex
File: tikzlibrarypositioning.code.tex 2025-08-29 v3.1.11a (3.1.11a)
)
(C:\Users\Joejazo\AppData\Local\Programs\MiKTeX\tex/generic/pgf/frontendlayer/t
ikz/libraries\tikzlibrarydecorations.pathmorphing.code.tex
(C:\Users\Joejazo\AppData\Local\Programs\MiKTeX\tex/generic/pgf/frontendlayer/t
ikz/libraries\tikzlibrarydecorations.code.tex
(C:\Users\Joejazo\AppData\Local\Programs\MiKTeX\tex/generic/pgf/modules\pgfmodu
ledecorations.code.tex
\pgfdecoratedcompleteddistance=\dimen274
\pgfdecoratedremainingdistance=\dimen275
\pgfdecoratedinputsegmentcompleteddistance=\dimen276
\pgfdecoratedinputsegmentremainingdistance=\dimen277
\pgf@decorate@distancetomove=\dimen278
\pgf@decorate@repeatstate=\count316
\pgfdecorationsegmentamplitude=\dimen279
\pgfdecorationsegmentlength=\dimen280
)
\tikz@lib@dec@box=\box97
)
(C:\Users\Joejazo\AppData\Local\Programs\MiKTeX\tex/generic/pgf/libraries/decor
ations\pgflibrarydecorations.pathmorphing.code.tex))
(C:\Users\Joejazo\AppData\Local\Programs\MiKTeX\tex/generic/pgf/frontendlayer/t
ikz/libraries\tikzlibrarycalc.code.tex
File: tikzlibrarycalc.code.tex 2025-08-29 v3.1.11a (3.1.11a)
)
(C:\Users\Joejazo\AppData\Local\Programs\MiKTeX\tex/generic/pgf/frontendlayer/t
ikz/libraries\tikzlibraryshadows.code.tex
File: tikzlibraryshadows.code.tex 2025-08-29 v3.1.11a (3.1.11a)

(C:\Users\Joejazo\AppData\Local\Programs\MiKTeX\tex/generic/pgf/frontendlayer/t
ikz/libraries\tikzlibraryfadings.code.tex
File: tikzlibraryfadings.code.tex 2025-08-29 v3.1.11a (3.1.11a)

(C:\Users\Joejazo\AppData\Local\Programs\MiKTeX\tex/generic/pgf/libraries\pgfli
braryfadings.code.tex
File: pgflibraryfadings.code.tex 2025-08-29 v3.1.11a (3.1.11a)
! Undefined control sequence.
\a:tikzpicture ->\Picture 
                          *{} 
l.31 ...g{east}{\pgfuseshading{pgf@lib@fade@east}}
                                                  %
The control sequence at the end of the top line
of your error message was never \def'ed. If you have
misspelled it (e.g., `\hobx'), type `I' and the correct
spelling (e.g., `I\hbox'). Otherwise just continue,
and I'll forget about whatever was undefined.

! Undefined control sequence.
\b:tikzpicture ->\EndPicture 
                             
l.31 ...g{east}{\pgfuseshading{pgf@lib@fade@east}}
                                                  %
The control sequence at the end of the top line
of your error message was never \def'ed. If you have
misspelled it (e.g., `\hobx'), type `I' and the correct
spelling (e.g., `I\hbox'). Otherwise just continue,
and I'll forget about whatever was undefined.

! Undefined control sequence.
\a:tikzpicture ->\Picture 
                          *{} 
l.32 ...g{west}{\pgfuseshading{pgf@lib@fade@west}}
                                                  %
The control sequence at the end of the top line
of your error message was never \def'ed. If you have
misspelled it (e.g., `\hobx'), type `I' and the correct
spelling (e.g., `I\hbox'). Otherwise just continue,
and I'll forget about whatever was undefined.

! Undefined control sequence.
\b:tikzpicture ->\EndPicture 
                             
l.32 ...g{west}{\pgfuseshading{pgf@lib@fade@west}}
                                                  %
The control sequence at the end of the top line
of your error message was never \def'ed. If you have
misspelled it (e.g., `\hobx'), type `I' and the correct
spelling (e.g., `I\hbox'). Otherwise just continue,
and I'll forget about whatever was undefined.

! Undefined control sequence.
\a:tikzpicture ->\Picture 
                          *{} 
l.33 ...north}{\pgfuseshading{pgf@lib@fade@north}}
                                                  %
The control sequence at the end of the top line
of your error message was never \def'ed. If you have
misspelled it (e.g., `\hobx'), type `I' and the correct
spelling (e.g., `I\hbox'). Otherwise just continue,
and I'll forget about whatever was undefined.

! Undefined control sequence.
\b:tikzpicture ->\EndPicture 
                             
l.33 ...north}{\pgfuseshading{pgf@lib@fade@north}}
                                                  %
The control sequence at the end of the top line
of your error message was never \def'ed. If you have
misspelled it (e.g., `\hobx'), type `I' and the correct
spelling (e.g., `I\hbox'). Otherwise just continue,
and I'll forget about whatever was undefined.

! Undefined control sequence.
\a:tikzpicture ->\Picture 
                          *{} 
l.34 ...south}{\pgfuseshading{pgf@lib@fade@south}}
                                                  %
The control sequence at the end of the top line
of your error message was never \def'ed. If you have
misspelled it (e.g., `\hobx'), type `I' and the correct
spelling (e.g., `I\hbox'). Otherwise just continue,
and I'll forget about whatever was undefined.

! Undefined control sequence.
\b:tikzpicture ->\EndPicture 
                             
l.34 ...south}{\pgfuseshading{pgf@lib@fade@south}}
                                                  %
The control sequence at the end of the top line
of your error message was never \def'ed. If you have
misspelled it (e.g., `\hobx'), type `I' and the correct
spelling (e.g., `I\hbox'). Otherwise just continue,
and I'll forget about whatever was undefined.

! Undefined control sequence.
\a:tikzpicture ->\Picture 
                          *{} 
l.42 ...}{\pgfuseshading{tikz@lib@fade@circle@10}}
                                                  %
The control sequence at the end of the top line
of your error message was never \def'ed. If you have
misspelled it (e.g., `\hobx'), type `I' and the correct
spelling (e.g., `I\hbox'). Otherwise just continue,
and I'll forget about whatever was undefined.

! Undefined control sequence.
\b:tikzpicture ->\EndPicture 
                             
l.42 ...}{\pgfuseshading{tikz@lib@fade@circle@10}}
                                                  %
The control sequence at the end of the top line
of your error message was never \def'ed. If you have
misspelled it (e.g., `\hobx'), type `I' and the correct
spelling (e.g., `I\hbox'). Otherwise just continue,
and I'll forget about whatever was undefined.

! Undefined control sequence.
\a:tikzpicture ->\Picture 
                          *{} 
l.47 ...}{\pgfuseshading{tikz@lib@fade@circle@15}}
                                                  %
The control sequence at the end of the top line
of your error message was never \def'ed. If you have
misspelled it (e.g., `\hobx'), type `I' and the correct
spelling (e.g., `I\hbox'). Otherwise just continue,
and I'll forget about whatever was undefined.

! Undefined control sequence.
\b:tikzpicture ->\EndPicture 
                             
l.47 ...}{\pgfuseshading{tikz@lib@fade@circle@15}}
                                                  %
The control sequence at the end of the top line
of your error message was never \def'ed. If you have
misspelled it (e.g., `\hobx'), type `I' and the correct
spelling (e.g., `I\hbox'). Otherwise just continue,
and I'll forget about whatever was undefined.

! Undefined control sequence.
\a:tikzpicture ->\Picture 
                          *{} 
l.52 ...}{\pgfuseshading{tikz@lib@fade@circle@20}}
                                                  %
The control sequence at the end of the top line
of your error message was never \def'ed. If you have
misspelled it (e.g., `\hobx'), type `I' and the correct
spelling (e.g., `I\hbox'). Otherwise just continue,
and I'll forget about whatever was undefined.

! Undefined control sequence.
\b:tikzpicture ->\EndPicture 
                             
l.52 ...}{\pgfuseshading{tikz@lib@fade@circle@20}}
                                                  %
The control sequence at the end of the top line
of your error message was never \def'ed. If you have
misspelled it (e.g., `\hobx'), type `I' and the correct
spelling (e.g., `I\hbox'). Otherwise just continue,
and I'll forget about whatever was undefined.

! Undefined control sequence.
\a:tikzpicture ->\Picture 
                          *{} 
l.57 ...t}{\pgfuseshading{tikz@lib@fade@fuzzy@15}}
                                                  %
The control sequence at the end of the top line
of your error message was never \def'ed. If you have
misspelled it (e.g., `\hobx'), type `I' and the correct
spelling (e.g., `I\hbox'). Otherwise just continue,
and I'll forget about whatever was undefined.

! Undefined control sequence.
\b:tikzpicture ->\EndPicture 
                             
l.57 ...t}{\pgfuseshading{tikz@lib@fade@fuzzy@15}}
                                                  %
The control sequence at the end of the top line
of your error message was never \def'ed. If you have
misspelled it (e.g., `\hobx'), type `I' and the correct
spelling (e.g., `I\hbox'). Otherwise just continue,
and I'll forget about whatever was undefined.

)))
(C:\Users\Joejazo\AppData\Local\Programs\MiKTeX\tex/generic/pgf/frontendlayer/t
ikz/libraries\tikzlibraryfit.code.tex
File: tikzlibraryfit.code.tex 2025-08-29 v3.1.11a (3.1.11a)
)
(C:\Users\Joejazo\AppData\Local\Programs\MiKTeX\tex/generic/pgf/frontendlayer/t
ikz/libraries\tikzlibrarybackgrounds.code.tex
File: tikzlibrarybackgrounds.code.tex 2025-08-29 v3.1.11a (3.1.11a)
\pgf@layerbox@background=\box98
\pgf@layerboxsaved@background=\box99
)
(C:\Users\Joejazo\AppData\Local\Programs\MiKTeX\tex/generic/tex4ht\fontawesome5
-hooks.4ht
version 2021-05-06-14:39
)
(C:\Users\Joejazo\AppData\Local\Programs\MiKTeX\tex/latex/fontawesome5\fontawes
ome5.sty
(C:\Users\Joejazo\AppData\Local\Programs\MiKTeX\tex/generic/tex4ht\expl3-hooks.
4ht
version 2020-10-17-13:53
) (C:\Users\Joejazo\AppData\Local\Programs\MiKTeX\tex/latex/l3kernel\expl3.sty
Package: expl3 2026-04-28 L3 programming layer (loader) 

(C:\Users\Joejazo\AppData\Local\Programs\MiKTeX\tex/latex/l3backend\l3backend-d
vips.def
File: l3backend-dvips.def 2026-02-18 L3 backend support: dvips
\l__pdfannot_backend_content_box=\box100
\l__pdfannot_backend_model_box=\box101
\g__pdfannot_backend_int=\count317
\g__pdfannot_backend_link_int=\count318
\g__pdfannot_backend_link_sf_int=\count319
))
Package: fontawesome5 2022/05/02 v5.15.4 Font Awesome 5

(C:\Users\Joejazo\AppData\Local\Programs\MiKTeX\tex/latex/l3packages/l3keys2e\l
3keys2e.sty
(C:\Users\Joejazo\AppData\Local\Programs\MiKTeX\tex/generic/tex4ht\expl3-hooks.
4ht
version 2020-10-17-13:53
)
Package: l3keys2e 2025-10-09 LaTeX2e option processing using LaTeX3 keys
)
(C:\Users\Joejazo\AppData\Local\Programs\MiKTeX\tex/latex/l3packages/xparse\xpa
rse.sty
(C:\Users\Joejazo\AppData\Local\Programs\MiKTeX\tex/generic/tex4ht\expl3-hooks.
4ht
version 2020-10-17-13:53
)
Package: xparse 2025-10-09 L3 Experimental document command parser
)
(C:\Users\Joejazo\AppData\Local\Programs\MiKTeX\tex/latex/fontawesome5\fontawes
ome5-generic-helper.sty
Package: fontawesome5-generic-helper 2022/05/02 v5.15.4 non-uTeX helper for fon
tawesome5

(C:\Users\Joejazo\AppData\Local\Programs\MiKTeX\tex/latex/fontawesome5\fontawes
ome5-mapping.def)))
(C:\Users\Joejazo\AppData\Local\Programs\MiKTeX\tex/latex/mdframed\mdframed.sty
Package: mdframed 2013/07/01 1.9b: mdframed

(C:\Users\Joejazo\AppData\Local\Programs\MiKTeX\tex/latex/zref\zref-abspage.sty
Package: zref-abspage 2026-03-07 v2.37 Module abspage for zref (HO)
(C:\Users\Joejazo\AppData\Local\Programs\MiKTeX\tex/latex/zref\zref-base.sty
Package: zref-base 2026-03-07 v2.37 Module base for zref (HO)

(C:\Users\Joejazo\AppData\Local\Programs\MiKTeX\tex/generic/kvdefinekeys\kvdefi
nekeys.sty
Package: kvdefinekeys 2019-12-19 v1.6 Define keys (HO)
)
(C:\Users\Joejazo\AppData\Local\Programs\MiKTeX\tex/generic/pdftexcmds\pdftexcm
ds.sty
Package: pdftexcmds 2020-06-27 v0.33 Utility functions of pdfTeX for LuaTeX (HO
)
Package pdftexcmds Info: \pdf@primitive is available.
Package pdftexcmds Info: \pdf@ifprimitive is available.
Package pdftexcmds Info: \pdfdraftmode is ignored in DVI mode.
)
(C:\Users\Joejazo\AppData\Local\Programs\MiKTeX\tex/generic/etexcmds\etexcmds.s
ty
Package: etexcmds 2019/12/15 v1.7 Avoid name clashes with e-TeX commands (HO)
) (C:\Users\Joejazo\AppData\Local\Programs\MiKTeX\tex/latex/auxhook\auxhook.sty
Package: auxhook 2019-12-17 v1.6 Hooks for auxiliary files (HO)

Package auxhook Warning: Cannot patch \document,
(auxhook)                using \AtBeginDocument instead.

)
Package zref Info: New property list: main on input line 767.
Package zref Info: New property: default on input line 768.
Package zref Info: New property: page on input line 769.
)
\c@abspage=\count320
Package zref Info: New property: abspage on input line 67.
)
(C:\Users\Joejazo\AppData\Local\Programs\MiKTeX\tex/latex/needspace\needspace.s
ty
Package: needspace 2025/03/13 v1.3e reserve vertical space
)
\mdf@templength=\skip51
\c@mdf@globalstyle@cnt=\count321
\mdf@skipabove@length=\skip52
\mdf@skipbelow@length=\skip53
\mdf@leftmargin@length=\skip54
\mdf@rightmargin@length=\skip55
\mdf@innerleftmargin@length=\skip56
\mdf@innerrightmargin@length=\skip57
\mdf@innertopmargin@length=\skip58
\mdf@innerbottommargin@length=\skip59
\mdf@splittopskip@length=\skip60
\mdf@splitbottomskip@length=\skip61
\mdf@outermargin@length=\skip62
\mdf@innermargin@length=\skip63
\mdf@linewidth@length=\skip64
\mdf@innerlinewidth@length=\skip65
\mdf@middlelinewidth@length=\skip66
\mdf@outerlinewidth@length=\skip67
\mdf@roundcorner@length=\skip68
\mdf@footenotedistance@length=\skip69
\mdf@userdefinedwidth@length=\skip70
\mdf@needspace@length=\skip71
\mdf@frametitleaboveskip@length=\skip72
\mdf@frametitlebelowskip@length=\skip73
\mdf@frametitlerulewidth@length=\skip74
\mdf@frametitleleftmargin@length=\skip75
\mdf@frametitlerightmargin@length=\skip76
\mdf@shadowsize@length=\skip77
\mdf@extratopheight@length=\skip78
\mdf@subtitleabovelinewidth@length=\skip79
\mdf@subtitlebelowlinewidth@length=\skip80
\mdf@subtitleaboveskip@length=\skip81
\mdf@subtitlebelowskip@length=\skip82
\mdf@subtitleinneraboveskip@length=\skip83
\mdf@subtitleinnerbelowskip@length=\skip84
\mdf@subsubtitleabovelinewidth@length=\skip85
\mdf@subsubtitlebelowlinewidth@length=\skip86
\mdf@subsubtitleaboveskip@length=\skip87
\mdf@subsubtitlebelowskip@length=\skip88
\mdf@subsubtitleinneraboveskip@length=\skip89
\mdf@subsubtitleinnerbelowskip@length=\skip90

(C:\Users\Joejazo\AppData\Local\Programs\MiKTeX\tex/latex/mdframed\md-frame-0.m
df
File: md-frame-0.mdf 2013/07/01\ 1.9b: md-frame-0
)
\mdf@frametitlebox=\box102
\mdf@footnotebox=\box103
\mdf@splitbox@one=\box104
\mdf@splitbox@two=\box105
\mdf@splitbox@save=\box106
\mdfsplitboxwidth=\skip91
\mdfsplitboxtotalwidth=\skip92
\mdfsplitboxheight=\skip93
\mdfsplitboxdepth=\skip94
\mdfsplitboxtotalheight=\skip95
\mdfframetitleboxwidth=\skip96
\mdfframetitleboxtotalwidth=\skip97
\mdfframetitleboxheight=\skip98
\mdfframetitleboxdepth=\skip99
\mdfframetitleboxtotalheight=\skip100
\mdffootnoteboxwidth=\skip101
\mdffootnoteboxtotalwidth=\skip102
\mdffootnoteboxheight=\skip103
\mdffootnoteboxdepth=\skip104
\mdffootnoteboxtotalheight=\skip105
\mdftotallinewidth=\skip106
\mdfboundingboxwidth=\skip107
\mdfboundingboxtotalwidth=\skip108
\mdfboundingboxheight=\skip109
\mdfboundingboxdepth=\skip110
\mdfboundingboxtotalheight=\skip111
\mdf@freevspace@length=\skip112
\mdf@horizontalwidthofbox@length=\skip113
\mdf@verticalmarginwhole@length=\skip114
\mdf@horizontalspaceofbox=\skip115
\mdfsubtitleheight=\skip116
\mdfsubsubtitleheight=\skip117
\c@mdfcountframes=\count322

****** mdframed patching \endmdf@trivlist

****** -- success******

\mdf@envdepth=\count323
\c@mdf@env@i=\count324
\c@mdf@env@ii=\count325
\c@mdf@zref@counter=\count326
Package zref Info: New property: mdf@pagevalue on input line 895.
) (C:\Users\Joejazo\AppData\Local\Programs\MiKTeX\tex/latex/parskip\parskip.sty
Package: parskip 2021-03-14 v2.0h non-zero parskip adjustments
)
(C:\Users\Joejazo\AppData\Local\Programs\MiKTeX\tex/latex/setspace\setspace.sty
Package: setspace 2022/12/04 v6.7b set line spacing
)
(C:\Users\Joejazo\AppData\Local\Programs\MiKTeX\tex/latex/enumitem\enumitem.sty
Package: enumitem 2025/02/06 v3.11 Customized lists
\labelindent=\skip118
\enit@outerparindent=\dimen281
\enit@toks=\toks39
\enit@inbox=\box107
\enit@count@id=\count327
\enitdp@description=\count328
) (C:\Users\Joejazo\AppData\Local\Programs\MiKTeX\tex/latex/tools\array.sty
Package: array 2025/09/25 v2.6n Tabular extension package (FMi)
\col@sep=\dimen282
\ar@mcellbox=\box108
\extrarowheight=\dimen283
\NC@list=\toks40
\extratabsurround=\skip119
\backup@length=\skip120
\ar@cellbox=\box109
) (C:\Users\Joejazo\AppData\Local\Programs\MiKTeX\tex/latex/tools\tabularx.sty
Package: tabularx 2023/12/11 v2.12a `tabularx' package (DPC)
\TX@col@width=\dimen284
\TX@old@table=\dimen285
\TX@old@col=\dimen286
\TX@target=\dimen287
\TX@delta=\dimen288
\TX@cols=\count329
\TX@ftn=\toks41
)
(C:\Users\Joejazo\AppData\Local\Programs\MiKTeX\tex/latex/ragged2e\ragged2e.sty
Package: ragged2e 2023/06/22 v3.6 ragged2e Package
\CenteringLeftskip=\skip121
\RaggedLeftLeftskip=\skip122
\RaggedRightLeftskip=\skip123
\CenteringRightskip=\skip124
\RaggedLeftRightskip=\skip125
\RaggedRightRightskip=\skip126
\CenteringParfillskip=\skip127
\RaggedLeftParfillskip=\skip128
\RaggedRightParfillskip=\skip129
\JustifyingParfillskip=\skip130
\CenteringParindent=\skip131
\RaggedLeftParindent=\skip132
\RaggedRightParindent=\skip133
\JustifyingParindent=\skip134
)
(C:\Users\Joejazo\AppData\Local\Programs\MiKTeX\tex/latex/microtype\microtype.s
ty
Package: microtype 2026/03/01 v3.2d Micro-typographical refinements (RS)
\MT@toks=\toks42
\MT@tempbox=\box110
\MT@count=\count330
LaTeX Info: Redefining \noprotrusionifhmode on input line 1084.
LaTeX Info: Redefining \leftprotrusion on input line 1085.
\MT@prot@toks=\toks43
LaTeX Info: Redefining \rightprotrusion on input line 1104.
LaTeX Info: Redefining \textls on input line 1449.
\MT@outer@kern=\dimen289
LaTeX Info: Redefining \microtypecontext on input line 2053.
LaTeX Info: Redefining \textmicrotypecontext on input line 2070.
\MT@listname@count=\count331

(C:\Users\Joejazo\AppData\Local\Programs\MiKTeX\tex/latex/microtype\microtype-p
dftex.def
File: microtype-pdftex.def 2026/03/01 v3.2d Definitions specific to pdftex (RS)

LaTeX Info: Redefining \lsstyle on input line 944.
LaTeX Info: Redefining \lslig on input line 944.
\MT@outer@space=\skip135
)
Package microtype Info: Loading configuration file microtype.cfg.

(C:\Users\Joejazo\AppData\Local\Programs\MiKTeX\tex/latex/microtype\microtype.c
fg
File: microtype.cfg 2026/03/01 v3.2d microtype main configuration file (RS)
)
LaTeX Info: Redefining \microtypesetup on input line 3065.
)
(C:\Users\Joejazo\AppData\Local\Programs\MiKTeX\tex/generic/tex4ht\fancyhdr-hoo
ks.4ht
version 2020-10-17-13:53
)
(C:\Users\Joejazo\AppData\Local\Programs\MiKTeX\tex/latex/fancyhdr\fancyhdr.sty
Package: fancyhdr 2025/02/07 v5.2 Extensive control of page headers and footers

\f@nch@headwidth=\skip136
\f@nch@offset@elh=\skip137
\f@nch@offset@erh=\skip138
\f@nch@offset@olh=\skip139
\f@nch@offset@orh=\skip140
\f@nch@offset@elf=\skip141
\f@nch@offset@erf=\skip142
\f@nch@offset@olf=\skip143
\f@nch@offset@orf=\skip144
\f@nch@height=\skip145
\f@nch@footalignment=\skip146
\f@nch@widthL=\skip147
\f@nch@widthC=\skip148
\f@nch@widthR=\skip149
\@temptokenb=\toks44
)
(C:\Users\Joejazo\AppData\Local\Programs\MiKTeX\tex/generic/tex4ht\hyperref-hoo
ks.4ht
version 2023-09-17-08:01
)
(C:\Users\Joejazo\AppData\Local\Programs\MiKTeX\tex/latex/hyperref\hyperref.sty
Package: hyperref 2026-04-24 v7.01q Hypertext links for LaTeX

(C:\Users\Joejazo\AppData\Local\Programs\MiKTeX\tex/generic/pdfescape\pdfescape
.sty
Package: pdfescape 2019/12/09 v1.15 Implements pdfTeX's escape features (HO)
) (C:\Users\Joejazo\AppData\Local\Programs\MiKTeX\tex/latex/hycolor\hycolor.sty
Package: hycolor 2020-01-27 v1.10 Color options for hyperref/bookmark (HO)
) (C:\Users\Joejazo\AppData\Local\Programs\MiKTeX\tex/latex/hyperref\nameref.st
y
Package: nameref 2026-01-29 v2.58 Cross-referencing by name of section

(C:\Users\Joejazo\AppData\Local\Programs\MiKTeX\tex/latex/refcount\refcount.sty
Package: refcount 2019/12/15 v3.6 Data extraction from label references (HO)
)
(C:\Users\Joejazo\AppData\Local\Programs\MiKTeX\tex/generic/gettitlestring\gett
itlestring.sty
Package: gettitlestring 2019/12/15 v1.6 Cleanup title references (HO)
)
\c@section@level=\count332
)
(C:\Users\Joejazo\AppData\Local\Programs\MiKTeX\tex/generic/stringenc\stringenc
.sty
Package: stringenc 2019/11/29 v1.12 Convert strings between diff. encodings (HO
)
)
\@linkdim=\dimen290
\Hy@linkcounter=\count333
\Hy@pagecounter=\count334
(C:\Users\Joejazo\AppData\Local\Programs\MiKTeX\tex/latex/hyperref\pd1enc.def
File: pd1enc.def 2026-04-24 v7.01q Hyperref: PDFDocEncoding definition (HO)
Now handling font encoding PD1 ...
... no UTF-8 mapping file for font encoding PD1
)
(C:\Users\Joejazo\AppData\Local\Programs\MiKTeX\tex/generic/intcalc\intcalc.sty
Package: intcalc 2019/12/15 v1.3 Expandable calculations with integers (HO)
)
\Hy@SavedSpaceFactor=\count335
(C:\Users\Joejazo\AppData\Local\Programs\MiKTeX\tex/latex/hyperref\puenc.def
File: puenc.def 2026-04-24 v7.01q Hyperref: PDF Unicode definition (HO)
Now handling font encoding PU ...
... no UTF-8 mapping file for font encoding PU
)
Package hyperref Info: Option `colorlinks' set `true' on input line 4070.
Package hyperref Info: Hyper figures OFF on input line 4199.
Package hyperref Info: Link nesting OFF on input line 4204.
Package hyperref Info: Hyper index ON on input line 4207.
Package hyperref Info: Plain pages OFF on input line 4214.
Package hyperref Info: Backreferencing OFF on input line 4219.
Package hyperref Info: Implicit mode ON; LaTeX internals redefined.
Package hyperref Info: Bookmarks ON on input line 4466.
\c@Hy@tempcnt=\count336
(C:\Users\Joejazo\AppData\Local\Programs\MiKTeX\tex/latex/url\url.sty
\Urlmuskip=\muskip17
Package: url 2013/09/16  ver 3.4  Verb mode for urls, etc.
)
LaTeX Info: Redefining \url on input line 4805.
\XeTeXLinkMargin=\dimen291
(C:\Users\Joejazo\AppData\Local\Programs\MiKTeX\tex/generic/bitset\bitset.sty
Package: bitset 2019/12/09 v1.3 Handle bit-vector datatype (HO)

(C:\Users\Joejazo\AppData\Local\Programs\MiKTeX\tex/generic/bigintcalc\bigintca
lc.sty
Package: bigintcalc 2019/12/15 v1.5 Expandable calculations on big integers (HO
)
))
\Fld@menulength=\count337
\Field@Width=\dimen292
\Fld@charsize=\dimen293
\Field@toks=\toks45
Package hyperref Info: Hyper figures OFF on input line 6091.
Package hyperref Info: Link nesting OFF on input line 6096.
Package hyperref Info: Hyper index ON on input line 6099.
Package hyperref Info: backreferencing OFF on input line 6106.
Package hyperref Info: Link coloring ON on input line 6109.
Package hyperref Info: Link coloring with OCG OFF on input line 6116.
Package hyperref Info: PDF/A mode OFF on input line 6121.
\Hy@abspage=\count338

Package hyperref Message: Stopped early.

)
Package hyperref Info: Driver: htex4ht.
(C:\Users\Joejazo\AppData\Local\Programs\MiKTeX\tex/latex/hyperref\htex4ht.def
File: htex4ht.def 2026-04-24 v7.01q Hyperref driver for TeX4ht
Package hyperref Info: tex4ht is already loaded.
)
Package hyperref Info: Option `colorlinks' set `true' on input line 74.

Package hyperref Warning: Option `bookmarks' has already been used,
(hyperref)                setting the option has no effect on input line 74.

Package hyperref Info: Option `bookmarksnumbered' set `true' on input line 74.
Package hyperref Info: Option `bookmarksopen' set `true' on input line 74.
(C:\Users\Joejazo\AppData\Local\Programs\MiKTeX\tex/latex/accsupp\accsupp.sty
Package: accsupp 2019/12/05 v0.6 Accessibility support by marked content (HO)

(C:\Users\Joejazo\AppData\Local\Programs\MiKTeX\tex/latex/accsupp\accsupp-dvips
.def
File: accsupp-dvips.def 2019/12/05 v0.6 accsupp driver for dvips (HO)
)) (C:\Users\Joejazo\AppData\Local\Programs\MiKTeX\tex/latex/base\makeidx.sty
Package: makeidx 2021/10/04 v1.0m Standard LaTeX package
)
\@indexfile=\write4
\openout4 = `main.idx'.

Writing index file main.idx

(C:\Users\Joejazo\AppData\Local\Programs\MiKTeX\tex/generic/tex4ht\titlesec-hoo
ks.4ht
version 2023-04-03-14:42
)
(C:\Users\Joejazo\AppData\Local\Programs\MiKTeX\tex/latex/titlesec\titlesec.sty
Package: titlesec 2025/01/04 v2.17 Sectioning titles
\ttl@box=\box111
\beforetitleunit=\skip150
\aftertitleunit=\skip151
\ttl@plus=\dimen294
\ttl@minus=\dimen295
\ttl@toksa=\toks46
\titlewidth=\dimen296
\titlewidthlast=\dimen297
\titlewidthfirst=\dimen298
)) (assets/characters.tex
\charheight=\skip152
) (C:\Users\Joejazo\AppData\Local\Programs\MiKTeX\tex/generic/tex4ht\tex4ht.4ht
version 2022-07-05-14:37
--------------------------------------
--- Note --- for additional information, use the command line option `info'
--------------------------------------
::::::::::::::::::::::::::::::::::::::::::
 TeX4ht info is available in the log file 
::::::::::::::::::::::::::::::::::::::::::
) (C:\Users\Joejazo\AppData\Local\Programs\MiKTeX\tex/generic/tex4ht\tex4ht.sty
version 2023-10-04-13:17
l.870 --- TeX4ht warning --- nonprimitive \everypar ---
--- needs --- tex4ht main ---
\tmp:cnt=\count339
\openout15 = `main.tmp'.

(main.tmp)
\tmp:dim=\skip153
(main.xref)
\:refout=\write5
\openout5 = `main.xref'.

(C:\Users\Joejazo\AppData\Local\Programs\MiKTeX\tex/generic/tex4ht\html4.4ht
version 2023-10-13-14:16
--------------------------------------
--- Note --- to remove the <?xml version=...?> processing instruction use the c
ommand line option `no-VERSION'
--------------------------------------
--------------------------------------
--- Note --- to remove the DOCTYPE declaration use the command line option `no-
DOCTYPE'
--------------------------------------
) (C:\Users\Joejazo\AppData\Local\Programs\MiKTeX\tex/generic/tex4ht\unicode.4h
t
version 2023-04-02-08:01
)
(C:\Users\Joejazo\AppData\Local\Programs\MiKTeX\tex/generic/tex4ht\html4-math.4
ht
version 2022-10-25-13:59
) (C:\Users\Joejazo\AppData\Local\Programs\MiKTeX\tex/generic/tex4ht\html5.4ht
version 2023-10-09-13:31
)
--------------------------------------
--- Note --- for marking of the base font, use the command line option `fonts+'

--------------------------------------
--------------------------------------
--- Note --- for non active _, use the command line option `no_'
--------------------------------------
--------------------------------------
--- Note --- for _ of catcode 13, use the command line option `_13'
--------------------------------------
--------------------------------------
--- Note --- for non active ^, use the command line option `no^'
--------------------------------------
--------------------------------------
--- Note --- for ^ of catcode 13, use the command line option `^13'
--------------------------------------
(C:\Users\Joejazo\AppData\Local\Programs\MiKTeX\tex/generic/tex4ht\html4.4ht
version 2023-10-13-14:16
--------------------------------------
--- Note --- to ignore CSS font decoration, use the `NoFonts' command line opti
on
--------------------------------------
--------------------------------------
--- Note --- for jpg bitmaps of pictures, use the `jpg' command line option. (C
haracter bitmaps are controled only by `g' records of tex4ht.env and `-g' switc
hes of tex4ht.c) 
--------------------------------------
--------------------------------------
--- Note --- for gif bitmaps of pictures, use the `gif' command line option. (C
haracter bitmaps are controled only by `g' records of tex4ht.env and `-g' switc
hes of tex4ht.c) 
--------------------------------------
--------------------------------------
--- Note --- for content and toc in 2 frames, use the command line option `fram
es'
--------------------------------------
--------------------------------------
--- Note --- for content, toc, and footnotes in 3 frames, use the command line 
option `frames-fn'
--------------------------------------
--------------------------------------
--- Note --- for file extension name xht, use the command line option `xht'
--------------------------------------
TeX4ht package options: xhtml,charset=utf-8,epub3,html5,uni-html4,html
--------------------------------------
--- Note --- To print a timestamp, use the command line option timestamp
--------------------------------------
--------------------------------------
--- Note --- to ignore CSS code, use the command line option `-css
--------------------------------------
--------------------------------------
--- Note --- for inline CSS code, use the command line option `css-in'
--------------------------------------
--------------------------------------
--- Note --- for pop ups on mouse over, use the command line option `mouseover'

--------------------------------------
--------------------------------------
--- Note --- for addressing images in a subdirectory, use the command line opti
on `imgdir:.../'
--------------------------------------
) (C:\Users\Joejazo\AppData\Local\Programs\MiKTeX\tex/generic/tex4ht\unicode.4h
t
version 2023-04-02-08:01
)
(C:\Users\Joejazo\AppData\Local\Programs\MiKTeX\tex/generic/tex4ht\html4-math.4
ht
version 2022-10-25-13:59
) (C:\Users\Joejazo\AppData\Local\Programs\MiKTeX\tex/generic/tex4ht\html5.4ht
version 2023-10-09-13:31
--------------------------------------
--- Note --- To print a timestamp, use the command line option timestamp
--------------------------------------
--------------------------------------
--- Note --- We use a default CSS style. Use the `nostyle' option if you want t
o use custom a CSS design
--------------------------------------
)
\:tokwrite=\toks47
\:tokpage=\toks48
--------------------------------------
--- Note --- for back links to toc, use the command line option `sections+'
--------------------------------------
--------------------------------------
--- Note --- for linear crosslinks of pages, use the command line option `next'

--------------------------------------
\openout15 = `main.4ct'.

\:tocout=\write6
\openout6 = `main.4tc'.

(main.4tc) (C:\Users\Joejazo\AppData\Local\Programs\MiKTeX\tex/generic/tex4ht\h
tml4.4ht
version 2023-10-13-14:16
) (C:\Users\Joejazo\AppData\Local\Programs\MiKTeX\tex/generic/tex4ht\unicode.4h
t
version 2023-04-02-08:01
)
(C:\Users\Joejazo\AppData\Local\Programs\MiKTeX\tex/generic/tex4ht\html4-math.4
ht
version 2022-10-25-13:59
) (C:\Users\Joejazo\AppData\Local\Programs\MiKTeX\tex/generic/tex4ht\html5.4ht
version 2023-10-09-13:31
) (C:\Users\Joejazo\AppData\Local\Programs\MiKTeX\tex/generic/tex4ht\latex.4ht
version 2023-10-02-13:11
LaTeX Info: Redefining \_ on input line 179.
LaTeX Info: Redefining \begin on input line 597.
LaTeX Info: Redefining \end on input line 645.
LaTeX Info: Redefining \, on input line 807.
LaTeX Info: Redefining \; on input line 808.
LaTeX Info: Redefining \! on input line 809.
LaTeX Info: Redefining \: on input line 810.
LaTeX Info: Redefining \> on input line 811.
--------------------------------------
--- Note --- for links into captions, instead of float heads, use the command l
ine option `refcaption'
--------------------------------------
(C:\Users\Joejazo\AppData\Local\Programs\MiKTeX\tex/generic/tex4ht\html4.4ht
version 2023-10-13-14:16
) (C:\Users\Joejazo\AppData\Local\Programs\MiKTeX\tex/generic/tex4ht\unicode.4h
t
version 2023-04-02-08:01
)
(C:\Users\Joejazo\AppData\Local\Programs\MiKTeX\tex/generic/tex4ht\html4-math.4
ht
version 2022-10-25-13:59
) (C:\Users\Joejazo\AppData\Local\Programs\MiKTeX\tex/generic/tex4ht\html5.4ht
version 2023-10-09-13:31
) (C:\Users\Joejazo\AppData\Local\Programs\MiKTeX\tex/generic/tex4ht\html4.4ht
version 2023-10-13-14:16
--------------------------------------
--- Note --- For mini tocs immediately aftter the header use the command line o
ption `minitoc<'
--------------------------------------
--------------------------------------
--- Note --- for enumerated list elements with valued data, use the command lin
e option `enumerate+'
--------------------------------------
--------------------------------------
--- Note --- for enumerated list elements li's with value attributes, use the c
ommand line option `enumerate-'
--------------------------------------
--------------------------------------
--- Note --- for CSS2 code, use the command line option `css2'
--------------------------------------
--------------------------------------
--- Note --- for pictorial tabular, use the command line option `pic-tabular'
--------------------------------------
--------------------------------------
--- Note --- for bitmap fbox'es, use the command line option `pic-fbox'
--------------------------------------
--------------------------------------
--- Note --- for bitmap framebox'es, use the command line option `pic-framebox'

--------------------------------------
--------------------------------------
--- Note --- for inline footnotes use command line option `fn-in'
--------------------------------------
--------------------------------------
--- Note --- for tracing of latex font commands, use the command line option `f
onts'
--------------------------------------
--------------------------------------
--- Note --- for width specifications of tabular p entries, use the `p-width' c
ommand line option or a configuration similar to \Configure{HColWidth}{\HCode{ 
style="width:\HColWidth"}}
--------------------------------------
) (C:\Users\Joejazo\AppData\Local\Programs\MiKTeX\tex/generic/tex4ht\unicode.4h
t
version 2023-04-02-08:01
)
(C:\Users\Joejazo\AppData\Local\Programs\MiKTeX\tex/generic/tex4ht\html4-math.4
ht
version 2022-10-25-13:59
--------------------------------------
--- Note --- for pictorial eqnarray, use the command line option `pic-eqnarray'

--------------------------------------
--------------------------------------
--- Note --- for pictorial array, use the command line option `pic-array'
--------------------------------------
--------------------------------------
--- Note --- for pictorial $...$ environments, use the command line option `pic
-m' (not recommended!!)
--------------------------------------
--------------------------------------
--- Note --- for pictorial $...$ and $$...$$ environments with latex alt, use t
he command line option `pic-m+' (not safe!!)
--------------------------------------
--------------------------------------
--- Note --- for pictorial array, use the command line option `pic-array'
--------------------------------------
) (C:\Users\Joejazo\AppData\Local\Programs\MiKTeX\tex/generic/tex4ht\html5.4ht
version 2023-10-09-13:31
))
(C:\Users\Joejazo\AppData\Local\Programs\MiKTeX\tex/generic/tex4ht\fontmath.4ht
version 2022-10-25-13:59
(C:\Users\Joejazo\AppData\Local\Programs\MiKTeX\tex/generic/tex4ht\html4.4ht
version 2023-10-13-14:16
) (C:\Users\Joejazo\AppData\Local\Programs\MiKTeX\tex/generic/tex4ht\unicode.4h
t
version 2023-04-02-08:01
)
(C:\Users\Joejazo\AppData\Local\Programs\MiKTeX\tex/generic/tex4ht\html4-math.4
ht
version 2022-10-25-13:59
) (C:\Users\Joejazo\AppData\Local\Programs\MiKTeX\tex/generic/tex4ht\html5.4ht
version 2023-10-09-13:31
))
(C:\Users\Joejazo\AppData\Local\Programs\MiKTeX\tex/latex/tex4ebook\tex4ebook.4
ht
\opf:htmlid=\count340
\navpoint=\count341

(C:\Users\Joejazo\AppData\Local\Programs\MiKTeX\tex/latex/tex4ebook\tex4ebook-e
pub3.4ht
\:toccount=\count342
\footnotebox=\box112
))
(C:\Users\Joejazo\AppData\Local\Programs\MiKTeX\tex/generic/tex4ht\graphicx.4ht
version 2022-01-12-13:53
(C:\Users\Joejazo\AppData\Local\Programs\MiKTeX\tex/generic/tex4ht\html4.4ht
version 2023-10-13-14:16
) (C:\Users\Joejazo\AppData\Local\Programs\MiKTeX\tex/generic/tex4ht\unicode.4h
t
version 2023-04-02-08:01
)
(C:\Users\Joejazo\AppData\Local\Programs\MiKTeX\tex/generic/tex4ht\html4-math.4
ht
version 2022-10-25-13:59
) (C:\Users\Joejazo\AppData\Local\Programs\MiKTeX\tex/generic/tex4ht\html5.4ht
version 2023-10-09-13:31
))
(C:\Users\Joejazo\AppData\Local\Programs\MiKTeX\tex/generic/tex4ht\graphics.4ht
version 2022-03-20-14:29
(C:\Users\Joejazo\AppData\Local\Programs\MiKTeX\tex/generic/tex4ht\html4.4ht
version 2023-10-13-14:16
--------------------------------------
--- Note --- if included graphics are of degraded quality, try the command line
 options `graphics-num' or `graphics-'. The `num' should provide the density of
 pixels in the bitmaps (e.g., 110). 
--------------------------------------
--------------------------------------
--- Note --- for setting image dimensions, try the option `Gin-dim'; to use per
cents instead of units, use `Gin-perecent'; for key dimensions when bounding bo
x is unavailable try `Gin-dim+'; neither is recommended
--------------------------------------
) (C:\Users\Joejazo\AppData\Local\Programs\MiKTeX\tex/generic/tex4ht\unicode.4h
t
version 2023-04-02-08:01
)
(C:\Users\Joejazo\AppData\Local\Programs\MiKTeX\tex/generic/tex4ht\html4-math.4
ht
version 2022-10-25-13:59
) (C:\Users\Joejazo\AppData\Local\Programs\MiKTeX\tex/generic/tex4ht\html5.4ht
version 2023-10-09-13:31
)) (C:\Users\Joejazo\AppData\Local\Programs\MiKTeX\tex/generic/tex4ht\dvips.4ht
version 2009-05-21-09:32
(C:\Users\Joejazo\AppData\Local\Programs\MiKTeX\tex/generic/tex4ht\html4.4ht
version 2023-10-13-14:16
) (C:\Users\Joejazo\AppData\Local\Programs\MiKTeX\tex/generic/tex4ht\unicode.4h
t
version 2023-04-02-08:01
)
(C:\Users\Joejazo\AppData\Local\Programs\MiKTeX\tex/generic/tex4ht\html4-math.4
ht
version 2022-10-25-13:59
) (C:\Users\Joejazo\AppData\Local\Programs\MiKTeX\tex/generic/tex4ht\html5.4ht
version 2023-10-09-13:31
)) (C:\Users\Joejazo\AppData\Local\Programs\MiKTeX\tex/generic/tex4ht\book.4ht
version 2023-04-10-13:46
(C:\Users\Joejazo\AppData\Local\Programs\MiKTeX\tex/generic/tex4ht\html4.4ht
version 2023-10-13-14:16
--------------------------------------
--- Note --- for automatic sectioning pagination, use the command line option `
1', `2', `3', '4', '5', '6', or '7'
--------------------------------------
--------------------------------------
--- Note --- for files named derived from section titles, use the command line 
option `sec-filename'
--------------------------------------
--------------------------------------
--- Note --- for i-columns index, use the command line option `index=i' (e.g., 
index=2)
--------------------------------------
) (C:\Users\Joejazo\AppData\Local\Programs\MiKTeX\tex/generic/tex4ht\unicode.4h
t
version 2023-04-02-08:01
)
(C:\Users\Joejazo\AppData\Local\Programs\MiKTeX\tex/generic/tex4ht\html4-math.4
ht
version 2022-10-25-13:59
) (C:\Users\Joejazo\AppData\Local\Programs\MiKTeX\tex/generic/tex4ht\html5.4ht
version 2023-10-09-13:31
))
(C:\Users\Joejazo\AppData\Local\Programs\MiKTeX\tex/generic/tex4ht\inputenc.4ht
version 2009-05-21-09:32
(C:\Users\Joejazo\AppData\Local\Programs\MiKTeX\tex/generic/tex4ht\html4.4ht
version 2023-10-13-14:16
) (C:\Users\Joejazo\AppData\Local\Programs\MiKTeX\tex/generic/tex4ht\unicode.4h
t
version 2023-04-02-08:01
)
(C:\Users\Joejazo\AppData\Local\Programs\MiKTeX\tex/generic/tex4ht\html4-math.4
ht
version 2022-10-25-13:59
) (C:\Users\Joejazo\AppData\Local\Programs\MiKTeX\tex/generic/tex4ht\html5.4ht
version 2023-10-09-13:31
))
(C:\Users\Joejazo\AppData\Local\Programs\MiKTeX\tex/generic/tex4ht\geometry.4ht
version 2016-07-01-08:55
(C:\Users\Joejazo\AppData\Local\Programs\MiKTeX\tex/generic/tex4ht\html4.4ht
version 2023-10-13-14:16
) (C:\Users\Joejazo\AppData\Local\Programs\MiKTeX\tex/generic/tex4ht\unicode.4h
t
version 2023-04-02-08:01
)
(C:\Users\Joejazo\AppData\Local\Programs\MiKTeX\tex/generic/tex4ht\html4-math.4
ht
version 2022-10-25-13:59
) (C:\Users\Joejazo\AppData\Local\Programs\MiKTeX\tex/generic/tex4ht\html5.4ht
version 2023-10-09-13:31
)) (C:\Users\Joejazo\AppData\Local\Programs\MiKTeX\tex/generic/tex4ht\xcolor.4h
t
version 2022-04-17-09:34
(C:\Users\Joejazo\AppData\Local\Programs\MiKTeX\tex/generic/tex4ht\color.4ht
version 2022-02-01-14:27
(C:\Users\Joejazo\AppData\Local\Programs\MiKTeX\tex/generic/tex4ht\html4.4ht
version 2023-10-13-14:16
) (C:\Users\Joejazo\AppData\Local\Programs\MiKTeX\tex/generic/tex4ht\unicode.4h
t
version 2023-04-02-08:01
)
(C:\Users\Joejazo\AppData\Local\Programs\MiKTeX\tex/generic/tex4ht\html4-math.4
ht
version 2022-10-25-13:59
) (C:\Users\Joejazo\AppData\Local\Programs\MiKTeX\tex/generic/tex4ht\html5.4ht
version 2023-10-09-13:31
)) (C:\Users\Joejazo\AppData\Local\Programs\MiKTeX\tex/generic/tex4ht\html4.4ht
version 2023-10-13-14:16
) (C:\Users\Joejazo\AppData\Local\Programs\MiKTeX\tex/generic/tex4ht\unicode.4h
t
version 2023-04-02-08:01
)
(C:\Users\Joejazo\AppData\Local\Programs\MiKTeX\tex/generic/tex4ht\html4-math.4
ht
version 2022-10-25-13:59
) (C:\Users\Joejazo\AppData\Local\Programs\MiKTeX\tex/generic/tex4ht\html5.4ht
version 2023-10-09-13:31
)) (C:\Users\Joejazo\AppData\Local\Programs\MiKTeX\tex/generic/tex4ht\color.4ht
version 2022-02-01-14:27
)
(C:\Users\Joejazo\AppData\Local\Programs\MiKTeX\tex/generic/tex4ht\tcolorbox.4h
t
version 2023-02-12-14:24
\c@:tcbcolcount=\count343
(C:\Users\Joejazo\AppData\Local\Programs\MiKTeX\tex/generic/tex4ht\html4.4ht
version 2023-10-13-14:16
) (C:\Users\Joejazo\AppData\Local\Programs\MiKTeX\tex/generic/tex4ht\unicode.4h
t
version 2023-04-02-08:01
)
(C:\Users\Joejazo\AppData\Local\Programs\MiKTeX\tex/generic/tex4ht\html4-math.4
ht
version 2022-10-25-13:59
) (C:\Users\Joejazo\AppData\Local\Programs\MiKTeX\tex/generic/tex4ht\html5.4ht
version 2023-10-09-13:31
)) (C:\Users\Joejazo\AppData\Local\Programs\MiKTeX\tex/generic/tex4ht\pgf.4ht
version 2009-05-21-09:32
(C:\Users\Joejazo\AppData\Local\Programs\MiKTeX\tex/generic/tex4ht\html4.4ht
version 2023-10-13-14:16
) (C:\Users\Joejazo\AppData\Local\Programs\MiKTeX\tex/generic/tex4ht\unicode.4h
t
version 2023-04-02-08:01
)
(C:\Users\Joejazo\AppData\Local\Programs\MiKTeX\tex/generic/tex4ht\html4-math.4
ht
version 2022-10-25-13:59
) (C:\Users\Joejazo\AppData\Local\Programs\MiKTeX\tex/generic/tex4ht\html5.4ht
version 2023-10-09-13:31
))
(C:\Users\Joejazo\AppData\Local\Programs\MiKTeX\tex/generic/tex4ht\verbatim.4ht
version 2021-07-04-09:13
(C:\Users\Joejazo\AppData\Local\Programs\MiKTeX\tex/generic/tex4ht\html4.4ht
version 2023-10-13-14:16
) (C:\Users\Joejazo\AppData\Local\Programs\MiKTeX\tex/generic/tex4ht\unicode.4h
t
version 2023-04-02-08:01
)
(C:\Users\Joejazo\AppData\Local\Programs\MiKTeX\tex/generic/tex4ht\html4-math.4
ht
version 2022-10-25-13:59
) (C:\Users\Joejazo\AppData\Local\Programs\MiKTeX\tex/generic/tex4ht\html5.4ht
version 2023-10-09-13:31
))
(C:\Users\Joejazo\AppData\Local\Programs\MiKTeX\tex/generic/tex4ht\fontawesome5
.4ht
version 2021-05-06-14:39
(C:\Users\Joejazo\AppData\Local\Programs\MiKTeX\tex/generic/tex4ht\html4.4ht
version 2023-10-13-14:16
) (C:\Users\Joejazo\AppData\Local\Programs\MiKTeX\tex/generic/tex4ht\unicode.4h
t
version 2023-04-02-08:01
)
(C:\Users\Joejazo\AppData\Local\Programs\MiKTeX\tex/generic/tex4ht\html4-math.4
ht
version 2022-10-25-13:59
) (C:\Users\Joejazo\AppData\Local\Programs\MiKTeX\tex/generic/tex4ht\html5.4ht
version 2023-10-09-13:31
))
(C:\Users\Joejazo\AppData\Local\Programs\MiKTeX\tex/generic/tex4ht\mdframed.4ht
version 2022-12-26-13:00
\mdf:env:cnt=\count344
(C:\Users\Joejazo\AppData\Local\Programs\MiKTeX\tex/generic/tex4ht\html4.4ht
version 2023-10-13-14:16
) (C:\Users\Joejazo\AppData\Local\Programs\MiKTeX\tex/generic/tex4ht\unicode.4h
t
version 2023-04-02-08:01
)
(C:\Users\Joejazo\AppData\Local\Programs\MiKTeX\tex/generic/tex4ht\html4-math.4
ht
version 2022-10-25-13:59
) (C:\Users\Joejazo\AppData\Local\Programs\MiKTeX\tex/generic/tex4ht\html5.4ht
version 2023-10-09-13:31
))
(C:\Users\Joejazo\AppData\Local\Programs\MiKTeX\tex/generic/tex4ht\enumitem.4ht
version 2022-05-01-08:25
(C:\Users\Joejazo\AppData\Local\Programs\MiKTeX\tex/generic/tex4ht\html4.4ht
version 2023-10-13-14:16
) (C:\Users\Joejazo\AppData\Local\Programs\MiKTeX\tex/generic/tex4ht\unicode.4h
t
version 2023-04-02-08:01
)
(C:\Users\Joejazo\AppData\Local\Programs\MiKTeX\tex/generic/tex4ht\html4-math.4
ht
version 2022-10-25-13:59
) (C:\Users\Joejazo\AppData\Local\Programs\MiKTeX\tex/generic/tex4ht\html5.4ht
version 2023-10-09-13:31
)) (C:\Users\Joejazo\AppData\Local\Programs\MiKTeX\tex/generic/tex4ht\array.4ht
version 2009-05-21-09:32
(C:\Users\Joejazo\AppData\Local\Programs\MiKTeX\tex/generic/tex4ht\html4.4ht
version 2023-10-13-14:16
) (C:\Users\Joejazo\AppData\Local\Programs\MiKTeX\tex/generic/tex4ht\unicode.4h
t
version 2023-04-02-08:01
)
(C:\Users\Joejazo\AppData\Local\Programs\MiKTeX\tex/generic/tex4ht\html4-math.4
ht
version 2022-10-25-13:59
--------------------------------------
--- Note --- for pictorial array, use the command line option `pic-array'
--------------------------------------
) (C:\Users\Joejazo\AppData\Local\Programs\MiKTeX\tex/generic/tex4ht\html5.4ht
version 2023-10-09-13:31
))
(C:\Users\Joejazo\AppData\Local\Programs\MiKTeX\tex/generic/tex4ht\tabularx.4ht
version 2009-05-21-09:32
(C:\Users\Joejazo\AppData\Local\Programs\MiKTeX\tex/generic/tex4ht\html4.4ht
version 2023-10-13-14:16
) (C:\Users\Joejazo\AppData\Local\Programs\MiKTeX\tex/generic/tex4ht\unicode.4h
t
version 2023-04-02-08:01
)
(C:\Users\Joejazo\AppData\Local\Programs\MiKTeX\tex/generic/tex4ht\html4-math.4
ht
version 2022-10-25-13:59
) (C:\Users\Joejazo\AppData\Local\Programs\MiKTeX\tex/generic/tex4ht\html5.4ht
version 2023-10-09-13:31
))
(C:\Users\Joejazo\AppData\Local\Programs\MiKTeX\tex/generic/tex4ht\microtype.4h
t
version 2009-05-21-09:32
(C:\Users\Joejazo\AppData\Local\Programs\MiKTeX\tex/generic/tex4ht\html4.4ht
version 2023-10-13-14:16
) (C:\Users\Joejazo\AppData\Local\Programs\MiKTeX\tex/generic/tex4ht\unicode.4h
t
version 2023-04-02-08:01
)
(C:\Users\Joejazo\AppData\Local\Programs\MiKTeX\tex/generic/tex4ht\html4-math.4
ht
version 2022-10-25-13:59
) (C:\Users\Joejazo\AppData\Local\Programs\MiKTeX\tex/generic/tex4ht\html5.4ht
version 2023-10-09-13:31
))
(C:\Users\Joejazo\AppData\Local\Programs\MiKTeX\tex/generic/tex4ht\hyperref.4ht
version 2022-07-01-14:27
LaTeX Info: Redefining \autoref on input line 88.
\Hy@SectionHShift=\skip154
(C:\Users\Joejazo\AppData\Local\Programs\MiKTeX\tex/generic/tex4ht\html4.4ht
version 2023-10-13-14:16
) (C:\Users\Joejazo\AppData\Local\Programs\MiKTeX\tex/generic/tex4ht\unicode.4h
t
version 2023-04-02-08:01
)
(C:\Users\Joejazo\AppData\Local\Programs\MiKTeX\tex/generic/tex4ht\html4-math.4
ht
version 2022-10-25-13:59
) (C:\Users\Joejazo\AppData\Local\Programs\MiKTeX\tex/generic/tex4ht\html5.4ht
version 2023-10-09-13:31
)) (C:\Users\Joejazo\AppData\Local\Programs\MiKTeX\tex/generic/tex4ht\nameref.4
ht
version 2022-12-30-15:46
(C:\Users\Joejazo\AppData\Local\Programs\MiKTeX\tex/generic/tex4ht\html4.4ht
version 2023-10-13-14:16
) (C:\Users\Joejazo\AppData\Local\Programs\MiKTeX\tex/generic/tex4ht\unicode.4h
t
version 2023-04-02-08:01
)
(C:\Users\Joejazo\AppData\Local\Programs\MiKTeX\tex/generic/tex4ht\html4-math.4
ht
version 2022-10-25-13:59
) (C:\Users\Joejazo\AppData\Local\Programs\MiKTeX\tex/generic/tex4ht\html5.4ht
version 2023-10-09-13:31
)) (C:\Users\Joejazo\AppData\Local\Programs\MiKTeX\tex/generic/tex4ht\pd1enc.4h
t
version 2009-05-21-09:32
(C:\Users\Joejazo\AppData\Local\Programs\MiKTeX\tex/generic/tex4ht\html4.4ht
version 2023-10-13-14:16
) (C:\Users\Joejazo\AppData\Local\Programs\MiKTeX\tex/generic/tex4ht\unicode.4h
t
version 2023-04-02-08:01
)
(C:\Users\Joejazo\AppData\Local\Programs\MiKTeX\tex/generic/tex4ht\html4-math.4
ht
version 2022-10-25-13:59
) (C:\Users\Joejazo\AppData\Local\Programs\MiKTeX\tex/generic/tex4ht\html5.4ht
version 2023-10-09-13:31
)) (C:\Users\Joejazo\AppData\Local\Programs\MiKTeX\tex/generic/tex4ht\url.4ht
version 2023-02-19-10:11
(C:\Users\Joejazo\AppData\Local\Programs\MiKTeX\tex/generic/tex4ht\html4.4ht
version 2023-10-13-14:16
--------------------------------------
--- Note --- for URL encoding within href use the command line option `url-enc'

--------------------------------------
) (C:\Users\Joejazo\AppData\Local\Programs\MiKTeX\tex/generic/tex4ht\unicode.4h
t
version 2023-04-02-08:01
)
(C:\Users\Joejazo\AppData\Local\Programs\MiKTeX\tex/generic/tex4ht\html4-math.4
ht
version 2022-10-25-13:59
) (C:\Users\Joejazo\AppData\Local\Programs\MiKTeX\tex/generic/tex4ht\html5.4ht
version 2023-10-09-13:31
)) (C:\Users\Joejazo\AppData\Local\Programs\MiKTeX\tex/generic/tex4ht\makeidx.4
ht
version 2009-05-21-09:32
(C:\Users\Joejazo\AppData\Local\Programs\MiKTeX\tex/generic/tex4ht\html4.4ht
version 2023-10-13-14:16
) (C:\Users\Joejazo\AppData\Local\Programs\MiKTeX\tex/generic/tex4ht\unicode.4h
t
version 2023-04-02-08:01
)
(C:\Users\Joejazo\AppData\Local\Programs\MiKTeX\tex/generic/tex4ht\html4-math.4
ht
version 2022-10-25-13:59
) (C:\Users\Joejazo\AppData\Local\Programs\MiKTeX\tex/generic/tex4ht\html5.4ht
version 2023-10-09-13:31
))
(C:\Users\Joejazo\AppData\Local\Programs\MiKTeX\tex/generic/tex4ht\titlesec.4ht
version 2021-03-02-13:43
(C:\Users\Joejazo\AppData\Local\Programs\MiKTeX\tex/generic/tex4ht\html4.4ht
version 2023-10-13-14:16
) (C:\Users\Joejazo\AppData\Local\Programs\MiKTeX\tex/generic/tex4ht\unicode.4h
t
version 2023-04-02-08:01
)
(C:\Users\Joejazo\AppData\Local\Programs\MiKTeX\tex/generic/tex4ht\html4-math.4
ht
version 2022-10-25-13:59
) (C:\Users\Joejazo\AppData\Local\Programs\MiKTeX\tex/generic/tex4ht\html5.4ht
version 2023-10-09-13:31
)) (C:\Users\Joejazo\AppData\Local\Programs\MiKTeX\tex/generic/tex4ht\html4.4ht
version 2023-10-13-14:16
) (C:\Users\Joejazo\AppData\Local\Programs\MiKTeX\tex/generic/tex4ht\unicode.4h
t
version 2023-04-02-08:01
)
(C:\Users\Joejazo\AppData\Local\Programs\MiKTeX\tex/generic/tex4ht\html4-math.4
ht
version 2022-10-25-13:59
) (C:\Users\Joejazo\AppData\Local\Programs\MiKTeX\tex/generic/tex4ht\html5.4ht
version 2023-10-09-13:31
)) (main.aux)
\openout1 = `main.aux'.

LaTeX Font Info:    Checking defaults for OML/cmm/m/it on input line 9.
LaTeX Font Info:    ... okay on input line 9.
LaTeX Font Info:    Checking defaults for OMS/cmsy/m/n on input line 9.
LaTeX Font Info:    ... okay on input line 9.
LaTeX Font Info:    Checking defaults for OT1/cmr/m/n on input line 9.
LaTeX Font Info:    ... okay on input line 9.
LaTeX Font Info:    Checking defaults for T1/cmr/m/n on input line 9.
LaTeX Font Info:    ... okay on input line 9.
LaTeX Font Info:    Checking defaults for TS1/cmr/m/n on input line 9.
LaTeX Font Info:    ... okay on input line 9.
LaTeX Font Info:    Checking defaults for OMX/cmex/m/n on input line 9.
LaTeX Font Info:    ... okay on input line 9.
LaTeX Font Info:    Checking defaults for U/cmr/m/n on input line 9.
LaTeX Font Info:    ... okay on input line 9.
LaTeX Font Info:    Checking defaults for LY1/ptm/m/n on input line 9.
LaTeX Font Info:    Trying to load font information for LY1+ptm on input line 9
.
(C:\Users\Joejazo\AppData\Local\Programs\MiKTeX\tex/latex/ly1\ly1ptm.fd
File: ly1ptm.fd 2001/02/01 font definitions for LY1/ptm using Berry names.
)
LaTeX Font Info:    ... okay on input line 9.
LaTeX Font Info:    Checking defaults for PD1/pdf/m/n on input line 9.
LaTeX Font Info:    ... okay on input line 9.
LaTeX Font Info:    Checking defaults for PU/pdf/m/n on input line 9.
LaTeX Font Info:    ... okay on input line 9.
*geometry* driver: auto-detecting
*geometry* detected driver: dvips
*geometry* verbose mode - [ preamble ] result:
* driver: dvips
* paper: custom
* layout: <same size as paper>
* layoutoffset:(h,v)=(0.0pt,0.0pt)
* modes: twoside 
* h-part:(L,W,R)=(54.2025pt, 505.89pt, 54.2025pt)
* v-part:(T,H,B)=(65.04256pt, 672.11122pt, 57.81621pt)
* \paperwidth=614.295pt
* \paperheight=794.96999pt
* \textwidth=505.89pt
* \textheight=672.11122pt
* \oddsidemargin=0.0pt
* \evensidemargin=0.0pt
* \topmargin=-39.10123pt
* \headheight=14.0pt
* \headsep=19.8738pt
* \topskip=11.0pt
* \footskip=27.46295pt
* \marginparwidth=116.0pt
* \marginparsep=7.0pt
* \columnsep=10.0pt
* \skip\footins=10.0pt plus 4.0pt minus 2.0pt
* \hoffset=0.0pt
* \voffset=0.0pt
* \mag=1000
* \@twocolumnfalse
* \@twosidetrue
* \@mparswitchtrue
* \@reversemarginfalse
* (1in=72.27pt=25.4mm, 1cm=28.453pt)

LaTeX Info: Redefining \microtypecontext on input line 9.
Package microtype Info: Not applying patch `item' (for tex4ht) on input line 9.

Package microtype Info: Not applying patch `toc' (for tex4ht) on input line 9.
Package microtype Info: Not applying patch `eqnum' (for tex4ht) on input line 9
.
Package microtype Info: Not applying patch `footnote' (for tex4ht) on input lin
e 9.
Package microtype Info: Not applying patch `verbatim' (for tex4ht) on input lin
e 9.
LaTeX Info: Redefining \microtypesetup on input line 9.
Package microtype Info: Generating DVI output.
Package microtype Info: No character protrusion.
Package microtype Info: No font expansion.
Package microtype Info: No adjustment of tracking.
Package microtype Info: No adjustment of interword spacing.
Package microtype Info: No adjustment of character kerning.
Package hyperref Info: Link coloring ON on input line 9.
--- file main.css ---
[1

] [2

] [1] [2

] [3]
l. 21 Writing main.idv[1] (main0x.svg)

! LaTeX Error: File `"assets/cover.xbb"' not found.

See the LaTeX manual or LaTeX Companion for explanation.
Type  H <return>  for immediate help.
 ...                                              
                                                  
l.23 ...dth,height=\paperheight]{assets/cover.png}
                                                  %
Try typing  <return>  to proceed.
If that doesn't work, type  X <return>  to quit.


! LaTeX Error: Cannot determine size of graphic in "assets/cover.xbb" (no Bound
ingBox).

See the LaTeX manual or LaTeX Companion for explanation.
Type  H <return>  for immediate help.
 ...                                              
                                                  
l.23 ...dth,height=\paperheight]{assets/cover.png}
                                                  %
Try typing  <return>  to proceed.
If that doesn't work, type  X <return>  to quit.

File: assets/cover.png Graphic file (type bmp)
<assets/cover.png> [1] (copyright.tex [2]) [3

]
--- file mainli1.xhtml ---
[4

] [5

]
l.38 --- TeX4ht warning --- File `"assets/characters/Dot.xbb"' not found ---
l.38 --- TeX4ht warning --- Cannot determine size of graphic in "assets/charact
ers/Dot.xbb" (no BoundingBox) ---
l. 38 --- needs --- assets/characters/Dot.png ---
l.38 --- TeX4ht warning --- File `"assets/characters/Bee Browser.xbb"' not foun
d ---
l.38 --- TeX4ht warning --- Cannot determine size of graphic in "assets/charact
ers/Bee Browser.xbb" (no BoundingBox) ---
l. 38 --- needs --- assets/characters/Bee Browser.png ---
l.38 --- TeX4ht warning --- File `"assets/characters/Willa Wifi.xbb"' not found
 ---
l.38 --- TeX4ht warning --- Cannot determine size of graphic in "assets/charact
ers/Willa Wifi.xbb" (no BoundingBox) ---
l. 38 --- needs --- assets/characters/Willa Wifi.png ---
l.38 --- TeX4ht warning --- File `"assets/characters/Rory Router.xbb"' not foun
d ---
l.38 --- TeX4ht warning --- Cannot determine size of graphic in "assets/charact
ers/Rory Router.xbb" (no BoundingBox) ---
l. 38 --- needs --- assets/characters/Rory Router.png ---
l.38 --- TeX4ht warning --- File `"assets/characters/Sunny Server.xbb"' not fou
nd ---
l.38 --- TeX4ht warning --- Cannot determine size of graphic in "assets/charact
ers/Sunny Server.xbb" (no BoundingBox) ---
l. 38 --- needs --- assets/characters/Sunny Server.png ---
l.38 --- TeX4ht warning --- File `"assets/characters/Captain Cable.xbb"' not fo
und ---
l.38 --- TeX4ht warning --- Cannot determine size of graphic in "assets/charact
ers/Captain Cable.xbb" (no BoundingBox) ---
l. 38 --- needs --- assets/characters/Captain Cable.png ---
l.38 --- TeX4ht warning --- File `"assets/characters/Scout Search.xbb"' not fou
nd ---
l.38 --- TeX4ht warning --- Cannot determine size of graphic in "assets/charact
ers/Scout Search.xbb" (no BoundingBox) ---
l. 38 --- needs --- assets/characters/Scout Search.png ---
l.38 --- TeX4ht warning --- File `"assets/characters/Cloud Pal.xbb"' not found 
---
l.38 --- TeX4ht warning --- Cannot determine size of graphic in "assets/charact
ers/Cloud Pal.xbb" (no BoundingBox) ---
l. 38 --- needs --- assets/characters/Cloud Pal.png ---
[6

] [7

] [8

]
--- file mainli2.xhtml ---
(main.4ct) [9

] [10

] (chapters/01_what_is_the_internet.tex [1] [2

]
Chapter 1.
--- file mainch1.xhtml ---
l. 43 Writing main.idv[2] (main1x.svg)
LaTeX Font Info:    Trying to load font information for U+fontawesomefree2 on i
nput line 43.

(C:\Users\Joejazo\AppData\Local\Programs\MiKTeX\tex/latex/fontawesome5\ufontawe
somefree2.fd)
l. 49 Writing main.idv[3] (main2x.svg)
[3

]
---------------------------------------------------------
l.52 --- TeX4ht warning --- If not done so, the index is to be processed by 
  tex '\def\filename{{main}{idx}{4dx}{ind}} \input  idxmake.4ht' 
  makeindex -o main.ind main.4dx 
instead of 
  makeindex -o main.ind main.idx 
On some platforms, the quotation marks ' should be 
 replaced by double quotation marks " or eliminated. 
---------------------------------------------------------  ---
l. 60 Writing main.idv[4] (main3x.svg)
LaTeX Font Info:    Trying to load font information for U+fontawesomefree3 on i
nput line 60.

(C:\Users\Joejazo\AppData\Local\Programs\MiKTeX\tex/latex/fontawesome5\ufontawe
somefree3.fd)
l. 61 Writing main.idv[5] (main4x.svg)
l.63 --- TeX4ht warning --- missing \Configure{HColor}{SkyBlue!60}{...} (in LaT
eX: \\color@SkyBlue!60 ) ---
l. 69 Writing main.idv[6] (main5x.svg)
l. 80 Writing main.idv[7] (main6x.svg)
[4] [5] [6

]
l. 104 Writing main.idv[8] (main7x.svg)
[7

]
l. 120 Writing main.idv[9] (main8x.svg)
LaTeX Font Info:    Trying to load font information for U+fontawesomefree0 on i
nput line 120.

(C:\Users\Joejazo\AppData\Local\Programs\MiKTeX\tex/latex/fontawesome5\ufontawe
somefree0.fd)
l. 127 Writing main.idv[10] (main9x.svg)
l. 133 Writing main.idv[11] (main10x.svg)
LaTeX Font Info:    Trying to load font information for U+fontawesomefree1 on i
nput line 133.

(C:\Users\Joejazo\AppData\Local\Programs\MiKTeX\tex/latex/fontawesome5\ufontawe
somefree1.fd)
l. 146 Writing main.idv[12] (main11x.svg)
l. 152 Writing main.idv[13] (main12x.svg)
[8

]
l. 155 Writing main.idv[14] (main13x.svg)
) (chapters/02_websites_and_browsers.tex [9] [10

]
Chapter 2.
--- file mainch2.xhtml ---
l. 33 Writing main.idv[15] (main14x.svg)
l. 38 Writing main.idv[16] (main15x.svg)
l. 46 Writing main.idv[17] (main16x.svg)
l. 47 Writing main.idv[18] (main17x.svg)
[11

] [12] [13

]
l. 73 Writing main.idv[19] (main18x.svg)
[14

]
l. 98 Writing main.idv[20] (main19x.svg)
l. 104 Writing main.idv[21] (main20x.svg)
[15

]
l. 156 Writing main.idv[22] (main21x.svg)
[16]
l. 164 Writing main.idv[23] (main22x.svg)
l. 169 Writing main.idv[24] (main23x.svg)
LaTeX Font Info:    External font `cmex10' loaded for size
(Font)              <10.95> on input line 174.
LaTeX Font Info:    External font `cmex10' loaded for size
(Font)              <8> on input line 174.
LaTeX Font Info:    External font `cmex10' loaded for size
(Font)              <6> on input line 174.
! Interruption.
<to be read again> 
                   \egroup 
l.181     \end{tabular}
                       
? 
! Emergency stop.
<to be read again> 
                   \egroup 
l.181     \end{tabular}
                       
End of file on the terminal!

 
Here is how much of TeX's memory you used:
 38618 strings out of 467684
 791615 string characters out of 5413780
 1402186 words of memory out of 5000000
 66768 multiletter control sequences out of 15000+600000
 644273 words of font info for 75 fonts, out of 8000000 for 9000
 1141 hyphenation exceptions out of 8191
 108i,9n,131p,1742b,1288s stack positions out of 10000i,1000n,20000p,200000b,200000s
Output written on main.dvi (31 pages, 116128 bytes).
